2021-05-27 16:12:50|   0.2|  0.2|INFORM|FME 2020.2.2.0 (20210111 - Build 20817 - WIN64)
2021-05-27 16:12:50|   0.2|  0.0|INFORM|FME_HOME is 'C:\Program Files\FME_2020\'
2021-05-27 16:12:50|   0.2|  0.0|INFORM|FME ArcGIS Data Interop Edition (node locked-crc)
2021-05-27 16:12:50|   0.2|  0.0|INFORM|Serial Number: CUB8-CJ9J-16A3
2021-05-27 16:12:50|   0.2|  0.0|INFORM|Permanent License.
2021-05-27 16:12:50|   0.2|  0.0|INFORM|Machine host name is: DESKTOP-B8NSRQR
2021-05-27 16:12:50|   0.2|  0.0|INFORM|START - ProcessID: 20212, peak process memory usage: 40580 kB, current process memory usage: 40476 kB
2021-05-27 16:12:50|   0.2|  0.0|INFORM|FME Configuration: Command line arguments are `fme' `C:\Users\pbcote\AppData\Local\Temp\ArcGISProTemp18608\runner_1622146369790_18608' `LOG_STANDARDOUT' `TRUE'
2021-05-27 16:12:50|   0.2|  0.0|INFORM|FME Configuration: Connection Storage: 'C:\Users\pbcote\AppData\Roaming\Safe Software\FME\'
2021-05-27 16:12:51|   0.7|  0.6|INFORM|Shared folders for formats are : C:\Program Files\FME_2020\datasources;C:\Users\pbcote\Documents\FME\Formats
2021-05-27 16:12:51|   0.7|  0.0|INFORM|Shared folders for transformers are : C:\Users\pbcote\AppData\Roaming\Safe Software\FME\Packages\20817-win64\transformers;C:\Program Files\FME_2020\transformers;C:\Users\pbcote\AppData\Roaming\Safe Software\FME\FME Store\Transformers
2021-05-27 16:12:51|   0.7|  0.0|INFORM|Shared folders for coordinate systems are : C:\Users\pbcote\Documents\FME\CoordinateSystems
2021-05-27 16:12:51|   0.7|  0.0|INFORM|Shared folders for coordinate system exceptions are : C:\Users\pbcote\Documents\FME\CoordinateSystemExceptions
2021-05-27 16:12:51|   0.7|  0.0|INFORM|Shared folders for coordinate system grid overrides are : C:\Users\pbcote\Documents\FME\CoordinateSystemGridOverrides
2021-05-27 16:12:51|   0.7|  0.0|INFORM|Shared folders for CS-MAP transformation exceptions are : C:\Users\pbcote\Documents\FME\CsmapTransformationExceptions
2021-05-27 16:12:51|   0.7|  0.0|INFORM|Shared folders for transformer categories are : C:\Users\pbcote\Documents\FME\TransformerCategories
2021-05-27 16:12:51|   0.7|  0.0|INFORM|FME Configuration: Reader Keyword is `MULTI_READER'
2021-05-27 16:12:51|   0.7|  0.0|INFORM|FME Configuration: Writer Keyword is `MULTI_WRITER'
2021-05-27 16:12:51|   0.7|  0.0|INFORM|FME Configuration: Writer Group Definition Keyword is `MULTI_WRITER_DEF'
2021-05-27 16:12:51|   0.7|  0.0|INFORM|FME Configuration: Reader type is `MULTI_READER'
2021-05-27 16:12:51|   0.7|  0.0|INFORM|FME Configuration: Writer type is `MULTI_WRITER'
2021-05-27 16:12:51|   0.7|  0.0|INFORM|FME Configuration: No destination coordinate system set
2021-05-27 16:12:51|   0.7|  0.0|INFORM|FME Configuration: Current working folder is `C:\Program Files\FME_2020'
2021-05-27 16:12:51|   0.7|  0.0|INFORM|FME Configuration: Temporary folder is `C:\Users\pbcote\AppData\Local\Temp\ArcGISProTemp18608', set from environment variable `FME_TEMP'
2021-05-27 16:12:51|   0.7|  0.0|INFORM|FME Configuration: FME_HOME is `C:\Program Files\FME_2020\'
2021-05-27 16:12:51|   0.7|  0.0|INFORM|FME Configuration: FME_BASE is 'no'
2021-05-27 16:12:51|   0.7|  0.0|INFORM|FME Configuration: FME_MF_DIR is 'C:\Users\pbcote\AppData\Local\Temp\ArcGISProTemp18608/'
2021-05-27 16:12:51|   0.7|  0.0|INFORM|FME Configuration: FME_MF_NAME is 'runner_1622146369790_18608'
2021-05-27 16:12:51|   0.7|  0.0|INFORM|FME Configuration: FME_PRODUCT_NAME is 'FME(R) 2020.2.2.0'
2021-05-27 16:12:51|   0.7|  0.0|INFORM|System Status: 24.89 GB of disk space available in the FME temporary folder (C:\Users\pbcote\AppData\Local\Temp\ArcGISProTemp18608)
2021-05-27 16:12:51|   0.7|  0.0|INFORM|System Status: 23.90 GB of physical memory available
2021-05-27 16:12:51|   0.7|  0.0|INFORM|System Status: 95.62 GB of virtual memory available
2021-05-27 16:12:51|   0.7|  0.0|INFORM|Operating System: Microsoft Windows 10 64-bit  (Build 19041)
2021-05-27 16:12:51|   0.7|  0.0|INFORM|FME Platform: WIN64
2021-05-27 16:12:51|   0.7|  0.0|INFORM|Locale: en_US
2021-05-27 16:12:51|   0.7|  0.0|INFORM|System Encoding: windows-1252
2021-05-27 16:12:51|   0.7|  0.0|INFORM|FME Configuration: Start freeing memory when the process exceeds 71.71 GB
2021-05-27 16:12:51|   0.7|  0.0|INFORM|FME Configuration: Stop freeing memory when the process is below 53.79 GB
2021-05-27 16:12:51|   0.8|  0.0|INFORM|Creating writer for format: 
2021-05-27 16:12:51|   0.8|  0.0|INFORM|Creating reader for format: 
2021-05-27 16:12:51|   0.8|  0.0|INFORM|MULTI_READER(MULTI_READER): Will fail with first member reader failure
2021-05-27 16:12:51|   0.8|  0.0|INFORM|MULTI_READER(MULTI_READER): Adding GEODATABASE_FILE Reader with keyword GEODATABASE_FILE_2
2021-05-27 16:12:51|   0.8|  0.0|INFORM|Using Multi Reader with keyword `MULTI_READER' to read multiple datasets
2021-05-27 16:12:51|   0.9|  0.2|INFORM|Creating reader for format: Esri Geodatabase (File Geodb)
2021-05-27 16:12:51|   1.0|  0.1|INFORM|Trying to find a DYNAMIC plugin for reader named `GEODATABASE_FILE'
2021-05-27 16:12:51|   1.0|  0.0|INFORM|Loaded module 'GEODATABASE_FILE' from file 'C:\Program Files\FME_2020\GEODATABASE9.dll'
2021-05-27 16:12:51|   1.0|  0.0|INFORM|FME API version of module 'GEODATABASE_FILE' matches current internal version (3.8 20200115)
2021-05-27 16:12:51|   1.0|  0.0|INFORM|Opening the Geodatabase reader
2021-05-27 16:12:53|   1.9|  0.9|INFORM|The ArcObjects license 'Advanced' is being selected from the ESRILicenseInfo ArcObjects call
2021-05-27 16:12:53|   2.3|  0.4|INFORM|FME has checked out an Esri license. The product checked out is 'Advanced'
2021-05-27 16:12:53|   2.3|  0.0|INFORM|Installed ArcGIS version is '2.8.0'
2021-05-27 16:12:53|   2.3|  0.0|WARN  |Current installed ArcGISPro version '2.8.0' is unsupported. Minimum supported version is '2.3.0', and maximum supported version is '2.7.0'
2021-05-27 16:12:53|   2.4|  0.1|INFORM|Connected to the File Geodatabase at 'F:\current_work\projects\Boston\Bos3d\Bos3dDevpbc\Workflows\ModelMgt_20201214\Scratch\Scratch.gdb'
2021-05-27 16:12:53|   2.4|  0.0|INFORM|File Geodatabase release: '10.0'
2021-05-27 16:12:53|   2.4|  0.0|INFORM|GEODATABASE_FILE_2 Reader: Using Enhanced geometry
2021-05-27 16:12:53|   2.4|  0.0|INFORM|All network information will be ignored. As a result, edges will be treated as polyline features and junctions will be treated as point features
2021-05-27 16:12:53|   2.4|  0.0|INFORM|All relationship information will be ignored. As a result, simple relationships will not be read, and attributed relationships will be read as tables
2021-05-27 16:12:53|   2.4|  0.0|INFORM|GEODATABASE_FILE reader: Building features into bulk mode features
2021-05-27 16:12:53|   2.4|  0.0|INFORM|Using MultiWriter with keyword `MULTI_WRITER' to output data (ID_ATTRIBUTE is `multi_writer_id')
2021-05-27 16:12:53|   2.4|  0.0|INFORM|Writer output will be ordered by value of multi_writer_id
2021-05-27 16:12:53|   2.4|  0.0|INFORM|Loaded module 'TransformPointCloud_func' from file 'C:\Program Files\FME_2020\plugins/TransformPointCloud_func.dll'
2021-05-27 16:12:53|   2.4|  0.0|INFORM|FME API version of module 'TransformPointCloud_func' matches current internal version (3.8 20200115)
2021-05-27 16:12:53|   2.4|  0.0|INFORM|Loaded module 'SharedObjectFactory' from file 'C:\Program Files\FME_2020\plugins/SharedObjectFactory.dll'
2021-05-27 16:12:53|   2.4|  0.0|INFORM|FME API version of module 'SharedObjectFactory' matches current internal version (3.8 20200115)
2021-05-27 16:12:53|   2.4|  0.0|INFORM|Loaded module 'GQueryFactory' from file 'C:\Program Files\FME_2020\plugins/GQueryFactory.dll'
2021-05-27 16:12:53|   2.4|  0.0|INFORM|FME API version of module 'GQueryFactory' matches current internal version (3.8 20200115)
2021-05-27 16:12:53|   2.4|  0.0|INFORM|FME API version of module 'GQueryFactory' matches current internal version (3.8 20200115)
2021-05-27 16:12:53|   2.4|  0.0|INFORM|Loaded module 'GeometryValidationFactory' from file 'C:\Program Files\FME_2020\plugins/GeometryValidationFactory.dll'
2021-05-27 16:12:53|   2.4|  0.0|INFORM|FME API version of module 'GeometryValidationFactory' matches current internal version (3.8 20200115)
2021-05-27 16:12:53|   2.4|  0.0|INFORM|Loaded module 'InspectorFactory' from file 'C:\Program Files\FME_2020\plugins/InspectorFactory.dll'
2021-05-27 16:12:53|   2.4|  0.0|INFORM|FME API version of module 'InspectorFactory' matches current internal version (3.8 20200115)
2021-05-27 16:12:53|   2.7|  0.3|INFORM|Predefined coordinate system `MA83F' (NAD83 Massachusetts State Planes, Mainland Zone, US Foot) matches dataset coordinate system 
2021-05-27 16:12:53|   2.7|  0.0|INFORM|The OGC definition of the FME coordinate system '_MA83F_0' is 'PROJCS["NAD_1983_StatePlane_Massachusetts_Mainland_FIPS_2001_Feet",GEOGCS["GCS_North_American_1983",DATUM["D_North_American_1983",SPHEROID["GRS_1980",6378137.0,298.257222101]],PRIMEM["Greenwich",0.0],UNIT["Degree",0.0174532925199433]],PROJECTION["Lambert_Conformal_Conic"],PARAMETER["False_Easting",656166.6666666665],PARAMETER["False_Northing",2460625.0],PARAMETER["Central_Meridian",-71.5],PARAMETER["Standard_Parallel_1",41.71666666666667],PARAMETER["Standard_Parallel_2",42.68333333333333],PARAMETER["Latitude_Of_Origin",41.0],UNIT["Foot_US",0.3048006096012192]],VERTCS["NAVD88_height_(ftUS)",VDATUM["North_American_Vertical_Datum_1988"],PARAMETER["Vertical_Shift",0.0],PARAMETER["Direction",1.0],UNIT["Foot_US",0.3048006096012192]]'
2021-05-27 16:12:53|   2.7|  0.0|INFORM|Reading table/feature class 'ToExport'
2021-05-27 16:12:53|   2.7|  0.0|INFORM|FME Configuration: Source coordinate system for reader GEODATABASE_FILE_2[GEODATABASE_FILE] set to `_MA83F_0' as read from input data
2021-05-27 16:12:53|   2.7|  0.0|INFORM|Coordinate System `_MA83F_0' parameters: CS_NAME=`_MA83F_0' DESC_NM=`NAD83 Massachusetts State Planes, Mainland Zone, US Foot' DT_NAME=`NAD83' EPSG_QD=`1' ESRI_WKT=`PROJCS["NAD_1983_StatePlane_Massachusetts_Mainland_FIPS_2001_Feet",GEOGCS["GCS_North_American_1983",DATUM["D_North_American_1983",SPHEROID["GRS_1980",6378137.0,298.257222101]],PRIMEM["Greenwich",0.0],UNIT["Degree",0.0174532925199433]],PROJECTION["Lambert_Conformal_Conic"],PARAMETER["False_Easting",656166.6666666665],PARAMETER["False_Northing",2460625.0],PARAMETER["Central_Meridian",-71.5],PARAMETER["Standard_Parallel_1",41.71666666666667],PARAMETER["Standard_Parallel_2",42.68333333333333],PARAMETER["Latitude_Of_Origin",41.0],UNIT["Foot_US",0.3048006096012192]],VERTCS["NAVD88_height_(ftUS)",VDATUM["North_American_Vertical_Datum_1988"],PARAMETER["Vertical_Shift",0.0],PARAMETER["Direction",1.0],UNIT["Foot_US",0.3048006096012192]]' GROUP=`SPCS83F' MAP_SCL=`1' MAX_LAT=`43.03333333333333' MAX_LNG=`-69.4' MIN_LAT=`41.31666666666667' MIN_LNG=`-73.95' ORG_LAT=`41' ORG_LNG=`-71.5' PARM1=`42.68333333333333' PARM2=`41.71666666666666' PROJ=`LM' QUAD=`1' SCL_RED=`1' SOURCE=`Calculated from MA83 by Mentor Software' UNIT=`FOOT' X_OFF=`656166.6666666666' Y_OFF=`2460625'
2021-05-27 16:12:54|   3.0|  0.2|INFORM|Offsetter_Offsetter: Splitting bulk mode features into features
2021-05-27 16:12:54|   3.1|  0.1|INFORM|Closing the Geodatabase reader
2021-05-27 16:12:54|   3.1|  0.0|INFORM|MULTI_READER(MULTI_READER): Done reading 2 features from 1 readers
2021-05-27 16:12:54|   3.1|  0.0|INFORM|Emptying factory pipeline
2021-05-27 16:12:54|   3.1|  0.0|STATS |Router and Unexpected Input Remover (RoutingFactory): Tested 2 input feature(s), wrote 2 output feature(s): 2 matched merge filters, 2 were routed to output, 0 could not be routed.
2021-05-27 16:12:54|   3.1|  0.0|STATS |ToExport_GEODATABASE_FILE_2 Splitter (TeeFactory): Cloned 2 input feature(s) into 2 output feature(s)
2021-05-27 16:12:54|   3.1|  0.0|STATS |testedits_masp_GEODATABASE_FILE_1 Splitter (TeeFactory): Cloned 0 input feature(s) into 0 output feature(s)
2021-05-27 16:12:54|   3.1|  0.0|STATS |Offsetter_OffsetterInput (TeeFactory): Cloned 2 input feature(s) into 2 output feature(s)
2021-05-27 16:12:54|   3.1|  0.0|STATS |Offsetter_Offsetter (TeeFactory): Cloned 2 input feature(s) into 2 output feature(s)
2021-05-27 16:12:54|   3.1|  0.0|STATS |Offsetter_Rejector (TestFactory): Tested 2 input feature(s) -- 0 feature(s) passed and 2 feature(s) failed
2021-05-27 16:12:54|   3.1|  0.0|STATS |Offsetter_PointCloudOffsetter (TestFactory): Tested 2 input feature(s) -- 0 feature(s) passed and 2 feature(s) failed
2021-05-27 16:12:54|   3.1|  0.0|STATS |3DRotator (TeeFactory): Cloned 2 input feature(s) into 2 output feature(s)
2021-05-27 16:12:54|   3.1|  0.0|STATS |3DRotator ROTATED Splitter (TeeFactory): Cloned 2 input feature(s) into 4 output feature(s)
2021-05-27 16:12:54|   3.1|  0.0|STATS |AppearanceSetter_HOLDER (SortFactory): Output 0 feature(s) without doing any sorting
2021-05-27 16:12:54|   3.1|  0.0|STATS |AppearanceSetter_ColorStyle_Creator (CreationFactory): Created 1 features
2021-05-27 16:12:54|   3.1|  0.0|STATS |AppearanceSetter_Apply_ColorStyle (TeeFactory): Cloned 1 input feature(s) into 1 output feature(s)
2021-05-27 16:12:54|   3.2|  0.0|INFORM|Creating writer for format: 
2021-05-27 16:12:54|   3.2|  0.0|INFORM|FME Configuration: No destination coordinate system set
2021-05-27 16:12:54|   3.2|  0.0|INFORM|Using MultiWriter with keyword `OBJ_1_FANOUT' to output data (ID_ATTRIBUTE is `multi_writer_id')
2021-05-27 16:12:54|   3.2|  0.0|INFORM|Writer output will be ordered by input dataset ordering
2021-05-27 16:12:54|   3.2|  0.0|INFORM|Writer `OBJ_1_FANOUT' of type `MULTI_WRITER' using group definition keyword `MULTI_WRITER_DEF'
2021-05-27 16:12:54|   3.2|  0.0|INFORM|Creating writer for format: OBJ 
2021-05-27 16:12:54|   3.2|  0.0|INFORM|Trying to find a DYNAMIC plugin for writer named `OBJ'
2021-05-27 16:12:54|   3.2|  0.0|INFORM|Loaded module 'OBJ' from file 'C:\Program Files\FME_2020\plugins/obj/obj.dll'
2021-05-27 16:12:54|   3.2|  0.0|INFORM|FME API version of module 'OBJ' matches current internal version (3.8 20200115)
2021-05-27 16:12:54|   3.2|  0.0|INFORM|FME Configuration: No destination coordinate system set
2021-05-27 16:12:54|   3.2|  0.0|INFORM|FME API version of module 'OBJ' matches current internal version (3.8 20200115)
2021-05-27 16:12:54|   3.2|  0.0|INFORM|Writer `OBJ_1' of type `OBJ' using group definition keyword `OBJ_1_DEF'
2021-05-27 16:12:54|   3.2|  0.0|INFORM|FME API version of module 'OBJ' matches current internal version (3.8 20200115)
2021-05-27 16:12:54|   3.2|  0.0|INFORM|OBJ Writer: Opening File Writer on dataset: 'F:\current_work\projects\Boston\Bos3d\Bos3dDevpbc\Workflows\ModelMgt_20201214\ModelBatch\Testing\BOS_D_13\BOS_H3Y8YZJ'
2021-05-27 16:12:54|   3.2|  0.0|INFORM|OBJ Writer: Reverse Face Order: 'No'
2021-05-27 16:12:54|   3.2|  0.0|INFORM|OBJ Writer: Triangulate Faces: 'Yes'
2021-05-27 16:12:54|   3.2|  0.0|INFORM|OBJ Writer: Write Points and Lines: 'No'
2021-05-27 16:12:54|   3.2|  0.0|INFORM|OBJ Writer: Write FME Version to OBJ file: 'Yes'
2021-05-27 16:12:54|   3.2|  0.0|INFORM|OBJ Writer: Write Mesh Vertex Colors: 'Yes'
2021-05-27 16:12:54|   3.2|  0.0|INFORM|FME Configuration: Destination coordinate system set to input coordinate system `_MA83F_0'
2021-05-27 16:12:54|   3.2|  0.0|WARN  |OBJ Writer: Double sided surface encountered, auto-picking one side. Use SurfaceSplitter to preserve both sides
2021-05-27 16:12:54|   3.3|  0.0|INFORM|FME Configuration: Using FME Reprojection Engine
2021-05-27 16:12:54|   3.4|  0.1|STATS |AppearanceSetter_uOriginOffsetRejector (TestFactory): Tested 2 input feature(s) -- 2 feature(s) passed and 0 feature(s) failed
2021-05-27 16:12:54|   3.4|  0.0|STATS |AppearanceSetter_vOriginOffsetRejector (TestFactory): Tested 2 input feature(s) -- 2 feature(s) passed and 0 feature(s) failed
2021-05-27 16:12:54|   3.4|  0.0|STATS |AppearanceSetter__textureuRepeatFactorRejector__ (TestFactory): Tested 2 input feature(s) -- 2 feature(s) passed and 0 feature(s) failed
2021-05-27 16:12:54|   3.4|  0.0|STATS |AppearanceSetter__texturevRepeatFactorRejector__ (TestFactory): Tested 2 input feature(s) -- 2 feature(s) passed and 0 feature(s) failed
2021-05-27 16:12:54|   3.4|  0.0|STATS |AppearanceSetter OUTPUT Splitter (TeeFactory): Cloned 2 input feature(s) into 4 output feature(s)
2021-05-27 16:12:54|   3.4|  0.0|STATS |AppearanceSetter <REJECTED> Splitter (TeeFactory): Cloned 0 input feature(s) into 0 output feature(s)
2021-05-27 16:12:54|   3.4|  0.0|STATS |GeometryPropertySetter_5_Outputter (TeeFactory): Cloned 2 input feature(s) into 2 output feature(s)
2021-05-27 16:12:54|   3.4|  0.0|STATS |GeometryValidator FAILED Splitter (TeeFactory): Cloned 0 input feature(s) into 0 output feature(s)
2021-05-27 16:12:54|   3.4|  0.0|STATS |ListExploder (ElementFactory): Split out 0 list elements from 0 input features, using mode CLASSIC
2021-05-27 16:12:54|   3.4|  0.0|STATS |Destination Feature Type Routing Correlator (RoutingFactory): Tested 4 input feature(s), wrote 4 output feature(s): 0 matched merge filters, 4 were routed to output, 0 could not be routed.
2021-05-27 16:12:54|   3.4|  0.0|STATS |Final Output Nuker (TeeFactory): Cloned 0 input feature(s) into 0 output feature(s)
2021-05-27 16:12:54|   3.4|  0.0|STATS |VisualizerProcessor (CreationFactory): Created 1 features
2021-05-27 16:12:54|   3.4|  0.0|STATS |VisualizerCleaner (TeeFactory): Cloned 1 input feature(s) into 0 output feature(s)
2021-05-27 16:12:54|   3.4|  0.0|INFORM|OBJ Writer: Material Library File: 'F:\current_work\projects\Boston\Bos3d\Bos3dDevpbc\Workflows\ModelMgt_20201214\ModelBatch\Testing\BOS_D_13\BOS_H3Y8YZJ\materials.mtl'
2021-05-27 16:12:54|   3.4|  0.0|INFORM|OBJ Writer: Closing File Writer
2021-05-27 16:12:54|   3.4|  0.0|INFORM|=-=-=-=-=-=-=-=-=-=-=-=-=-=-=-=-=-=-=-=-=-=-=-=-=-=-=-=-=-=-=-=-=-=-=-=-=-=-=-
2021-05-27 16:12:54|   3.4|  0.0|INFORM|Feature output statistics for `OBJ' writer using keyword `OBJ_1':
2021-05-27 16:12:54|   3.4|  0.0|STATS |=-=-=-=-=-=-=-=-=-=-=-=-=-=-=-=-=-=-=-=-=-=-=-=-=-=-=-=-=-=-=-=-=-=-=-=-=-=-=-
2021-05-27 16:12:54|   3.4|  0.0|STATS |                               Features Written
2021-05-27 16:12:54|   3.4|  0.0|STATS |=-=-=-=-=-=-=-=-=-=-=-=-=-=-=-=-=-=-=-=-=-=-=-=-=-=-=-=-=-=-=-=-=-=-=-=-=-=-=-
2021-05-27 16:12:54|   3.4|  0.0|STATS |BOS_H3Y8YZJ                                                                  1
2021-05-27 16:12:54|   3.4|  0.0|STATS |==============================================================================
2021-05-27 16:12:54|   3.4|  0.0|STATS |Total Features Written                                                       1
2021-05-27 16:12:54|   3.4|  0.0|STATS |=-=-=-=-=-=-=-=-=-=-=-=-=-=-=-=-=-=-=-=-=-=-=-=-=-=-=-=-=-=-=-=-=-=-=-=-=-=-=-
2021-05-27 16:12:54|   3.4|  0.0|INFORM|MULTI_WRITER: multi_writer_id `BOS_I_3\BOS_26SHQLU': Started outputting features
2021-05-27 16:12:54|   3.4|  0.0|INFORM|Creating writer for format: OBJ 
2021-05-27 16:12:54|   3.4|  0.0|INFORM|Trying to find a DYNAMIC plugin for writer named `OBJ'
2021-05-27 16:12:54|   3.4|  0.0|INFORM|FME API version of module 'OBJ' matches current internal version (3.8 20200115)
2021-05-27 16:12:54|   3.4|  0.0|INFORM|FME Configuration: No destination coordinate system set
2021-05-27 16:12:54|   3.4|  0.0|INFORM|FME API version of module 'OBJ' matches current internal version (3.8 20200115)
2021-05-27 16:12:54|   3.4|  0.0|INFORM|Writer `OBJ_1' of type `OBJ' using group definition keyword `OBJ_1_DEF'
2021-05-27 16:12:54|   3.4|  0.0|INFORM|FME API version of module 'OBJ' matches current internal version (3.8 20200115)
2021-05-27 16:12:54|   3.4|  0.0|INFORM|OBJ Writer: Opening File Writer on dataset: 'F:\current_work\projects\Boston\Bos3d\Bos3dDevpbc\Workflows\ModelMgt_20201214\ModelBatch\Testing\BOS_I_3\BOS_26SHQLU'
2021-05-27 16:12:54|   3.4|  0.0|INFORM|OBJ Writer: Reverse Face Order: 'No'
2021-05-27 16:12:54|   3.4|  0.0|INFORM|OBJ Writer: Triangulate Faces: 'Yes'
2021-05-27 16:12:54|   3.4|  0.0|INFORM|OBJ Writer: Write Points and Lines: 'No'
2021-05-27 16:12:54|   3.4|  0.0|INFORM|OBJ Writer: Write FME Version to OBJ file: 'Yes'
2021-05-27 16:12:54|   3.4|  0.0|INFORM|OBJ Writer: Write Mesh Vertex Colors: 'Yes'
2021-05-27 16:12:54|   3.4|  0.0|INFORM|FME Configuration: Destination coordinate system set to input coordinate system `_MA83F_0'
2021-05-27 16:12:54|   3.5|  0.1|INFORM|OBJ Writer: Material Library File: 'F:\current_work\projects\Boston\Bos3d\Bos3dDevpbc\Workflows\ModelMgt_20201214\ModelBatch\Testing\BOS_I_3\BOS_26SHQLU\materials.mtl'
2021-05-27 16:12:54|   3.5|  0.0|INFORM|OBJ Writer: Closing File Writer
2021-05-27 16:12:54|   3.5|  0.0|INFORM|=-=-=-=-=-=-=-=-=-=-=-=-=-=-=-=-=-=-=-=-=-=-=-=-=-=-=-=-=-=-=-=-=-=-=-=-=-=-=-
2021-05-27 16:12:54|   3.5|  0.0|INFORM|Feature output statistics for `OBJ' writer using keyword `OBJ_1':
2021-05-27 16:12:54|   3.5|  0.0|STATS |=-=-=-=-=-=-=-=-=-=-=-=-=-=-=-=-=-=-=-=-=-=-=-=-=-=-=-=-=-=-=-=-=-=-=-=-=-=-=-
2021-05-27 16:12:55|   3.5|  0.0|STATS |                               Features Written
2021-05-27 16:12:55|   3.5|  0.0|STATS |=-=-=-=-=-=-=-=-=-=-=-=-=-=-=-=-=-=-=-=-=-=-=-=-=-=-=-=-=-=-=-=-=-=-=-=-=-=-=-
2021-05-27 16:12:55|   3.5|  0.0|STATS |BOS_26SHQLU                                                                  1
2021-05-27 16:12:55|   3.5|  0.0|STATS |==============================================================================
2021-05-27 16:12:55|   3.5|  0.0|STATS |Total Features Written                                                       1
2021-05-27 16:12:55|   3.5|  0.0|STATS |=-=-=-=-=-=-=-=-=-=-=-=-=-=-=-=-=-=-=-=-=-=-=-=-=-=-=-=-=-=-=-=-=-=-=-=-=-=-=-
2021-05-27 16:12:55|   3.5|  0.0|INFORM|MULTI_WRITER: multi_writer_id `BOS_I_3\BOS_26SHQLU': done writing 1 feature(s) 
2021-05-27 16:12:55|   3.5|  0.0|INFORM|^^^^^^^^^^^^^^^^^^^^^^^^^^^^^^^^^^^^^^^^^^^^^^^^^^^^^^^^^^^^^^^^^^^^^^^^^^^^^^
2021-05-27 16:12:55|   3.5|  0.0|INFORM|=-=-=-=-=-=-=-=-=-=-=-=-=-=-=-=-=-=-=-=-=-=-=-=-=-=-=-=-=-=-=-=-=-=-=-=-=-=-=-
2021-05-27 16:12:55|   3.5|  0.0|INFORM|Feature output statistics for `MULTI_WRITER' writer using keyword `OBJ_1_FANOUT':
2021-05-27 16:12:55|   3.5|  0.0|STATS |=-=-=-=-=-=-=-=-=-=-=-=-=-=-=-=-=-=-=-=-=-=-=-=-=-=-=-=-=-=-=-=-=-=-=-=-=-=-=-
2021-05-27 16:12:55|   3.5|  0.0|STATS |                               Features Written
2021-05-27 16:12:55|   3.5|  0.0|STATS |=-=-=-=-=-=-=-=-=-=-=-=-=-=-=-=-=-=-=-=-=-=-=-=-=-=-=-=-=-=-=-=-=-=-=-=-=-=-=-
2021-05-27 16:12:55|   3.5|  0.0|STATS |BOS_26SHQLU                                                                  1
2021-05-27 16:12:55|   3.5|  0.0|STATS |BOS_H3Y8YZJ                                                                  1
2021-05-27 16:12:55|   3.5|  0.0|STATS |==============================================================================
2021-05-27 16:12:55|   3.5|  0.0|STATS |Total Features Written                                                       2
2021-05-27 16:12:55|   3.5|  0.0|STATS |=-=-=-=-=-=-=-=-=-=-=-=-=-=-=-=-=-=-=-=-=-=-=-=-=-=-=-=-=-=-=-=-=-=-=-=-=-=-=-
2021-05-27 16:12:55|   3.5|  0.0|INFORM|MULTI_WRITER: multi_writer_id `1': Started outputting features
2021-05-27 16:12:55|   3.6|  0.0|INFORM|Creating writer for format: 
2021-05-27 16:12:55|   3.6|  0.0|INFORM|FME Configuration: No destination coordinate system set
2021-05-27 16:12:55|   3.6|  0.0|INFORM|Using MultiWriter with keyword `SKP_1_FANOUT' to output data (ID_ATTRIBUTE is `multi_writer_id')
2021-05-27 16:12:55|   3.6|  0.0|INFORM|Writer output will be ordered by input dataset ordering
2021-05-27 16:12:55|   3.6|  0.0|INFORM|Writer `SKP_1_FANOUT' of type `MULTI_WRITER' using group definition keyword `MULTI_WRITER_DEF'
2021-05-27 16:12:55|   3.6|  0.0|INFORM|Creating writer for format: Trimble SketchUp
2021-05-27 16:12:55|   3.6|  0.0|INFORM|Trying to find a DYNAMIC plugin for writer named `SKP'
2021-05-27 16:12:55|   3.6|  0.0|INFORM|Loaded module 'SKP' from file 'C:\Program Files\FME_2020\plugins/skp/skp.dll'
2021-05-27 16:12:55|   3.6|  0.0|INFORM|FME API version of module 'SKP' matches current internal version (3.8 20200115)
2021-05-27 16:12:55|   3.6|  0.0|INFORM|FME Configuration: Destination coordinate system set to `MA83F'
2021-05-27 16:12:55|   3.6|  0.0|INFORM|Coordinate System `MA83F' parameters: CS_NAME=`MA83F' DESC_NM=`NAD83 Massachusetts State Planes, Mainland Zone, US Foot' DT_NAME=`NAD83' EPSG_QD=`1' GROUP=`SPCS83F' MAP_SCL=`1' MAX_LAT=`43.03333333333333' MAX_LNG=`-69.4' MIN_LAT=`41.31666666666667' MIN_LNG=`-73.95' ORG_LAT=`41' ORG_LNG=`-71.5' PARM1=`42.68333333333333' PARM2=`41.71666666666666' PROJ=`LM' QUAD=`1' SCL_RED=`1' SOURCE=`Calculated from MA83 by Mentor Software' UNIT=`FOOT' X_OFF=`656166.6666666666' Y_OFF=`2460625'
2021-05-27 16:12:55|   3.6|  0.0|INFORM|FME API version of module 'SKP' matches current internal version (3.8 20200115)
2021-05-27 16:12:55|   3.6|  0.0|INFORM|Writer `SKP_1' of type `SKP' using group definition keyword `SKP_1_DEF'
2021-05-27 16:12:55|   3.6|  0.0|INFORM|FME API version of module 'SKP' matches current internal version (3.8 20200115)
2021-05-27 16:12:55|   3.6|  0.0|INFORM|SketchUp Writer: Merge Coplanar Faces: 'No'
2021-05-27 16:12:55|   3.6|  0.0|INFORM|SketchUp Writer: Move to Local Coordinate System: 'No'
2021-05-27 16:12:55|   3.6|  0.0|INFORM|SketchUp Writer: Consolidate Appearances: 'Yes'
2021-05-27 16:12:55|   3.6|  0.0|INFORM|=-=-=-=-=-=-=-=-=-=-=-=-=-=-=-=-=-=-=-=-=-=-=-=-=-=-=-=-=-=-=-=-=-=-=-=-=-=-=-
2021-05-27 16:12:55|   3.6|  0.0|INFORM|Feature output statistics for `SKP' writer using keyword `SKP_1':
2021-05-27 16:12:55|   3.6|  0.0|STATS |=-=-=-=-=-=-=-=-=-=-=-=-=-=-=-=-=-=-=-=-=-=-=-=-=-=-=-=-=-=-=-=-=-=-=-=-=-=-=-
2021-05-27 16:12:55|   3.6|  0.0|STATS |                               Features Written
2021-05-27 16:12:55|   3.6|  0.0|STATS |=-=-=-=-=-=-=-=-=-=-=-=-=-=-=-=-=-=-=-=-=-=-=-=-=-=-=-=-=-=-=-=-=-=-=-=-=-=-=-
2021-05-27 16:12:55|   3.6|  0.0|STATS |BOS_H3Y8YZJ                                                                  1
2021-05-27 16:12:55|   3.6|  0.0|STATS |==============================================================================
2021-05-27 16:12:55|   3.6|  0.0|STATS |Total Features Written                                                       1
2021-05-27 16:12:55|   3.6|  0.0|STATS |=-=-=-=-=-=-=-=-=-=-=-=-=-=-=-=-=-=-=-=-=-=-=-=-=-=-=-=-=-=-=-=-=-=-=-=-=-=-=-
2021-05-27 16:12:55|   3.6|  0.0|INFORM|MULTI_WRITER: multi_writer_id `BOS_I_3\BOS_26SHQLU': Started outputting features
2021-05-27 16:12:55|   3.6|  0.0|INFORM|Creating writer for format: Trimble SketchUp
2021-05-27 16:12:55|   3.6|  0.0|INFORM|Trying to find a DYNAMIC plugin for writer named `SKP'
2021-05-27 16:12:55|   3.6|  0.0|INFORM|FME API version of module 'SKP' matches current internal version (3.8 20200115)
2021-05-27 16:12:55|   3.6|  0.0|INFORM|FME Configuration: Destination coordinate system set to `MA83F'
2021-05-27 16:12:55|   3.6|  0.0|INFORM|Coordinate System `MA83F' parameters: CS_NAME=`MA83F' DESC_NM=`NAD83 Massachusetts State Planes, Mainland Zone, US Foot' DT_NAME=`NAD83' EPSG_QD=`1' GROUP=`SPCS83F' MAP_SCL=`1' MAX_LAT=`43.03333333333333' MAX_LNG=`-69.4' MIN_LAT=`41.31666666666667' MIN_LNG=`-73.95' ORG_LAT=`41' ORG_LNG=`-71.5' PARM1=`42.68333333333333' PARM2=`41.71666666666666' PROJ=`LM' QUAD=`1' SCL_RED=`1' SOURCE=`Calculated from MA83 by Mentor Software' UNIT=`FOOT' X_OFF=`656166.6666666666' Y_OFF=`2460625'
2021-05-27 16:12:55|   3.6|  0.0|INFORM|FME API version of module 'SKP' matches current internal version (3.8 20200115)
2021-05-27 16:12:55|   3.6|  0.0|INFORM|Writer `SKP_1' of type `SKP' using group definition keyword `SKP_1_DEF'
2021-05-27 16:12:55|   3.6|  0.0|INFORM|FME API version of module 'SKP' matches current internal version (3.8 20200115)
2021-05-27 16:12:55|   3.6|  0.0|INFORM|SketchUp Writer: Merge Coplanar Faces: 'No'
2021-05-27 16:12:55|   3.6|  0.0|INFORM|SketchUp Writer: Move to Local Coordinate System: 'No'
2021-05-27 16:12:55|   3.6|  0.0|INFORM|SketchUp Writer: Consolidate Appearances: 'Yes'
2021-05-27 16:12:55|   3.6|  0.0|INFORM|Predefined coordinate system `SKP_COORDSYS_0' () matches dataset coordinate system 
2021-05-27 16:12:55|   3.7|  0.1|INFORM|=-=-=-=-=-=-=-=-=-=-=-=-=-=-=-=-=-=-=-=-=-=-=-=-=-=-=-=-=-=-=-=-=-=-=-=-=-=-=-
2021-05-27 16:12:55|   3.7|  0.0|INFORM|Feature output statistics for `SKP' writer using keyword `SKP_1':
2021-05-27 16:12:55|   3.7|  0.0|STATS |=-=-=-=-=-=-=-=-=-=-=-=-=-=-=-=-=-=-=-=-=-=-=-=-=-=-=-=-=-=-=-=-=-=-=-=-=-=-=-
2021-05-27 16:12:55|   3.7|  0.0|STATS |                               Features Written
2021-05-27 16:12:55|   3.7|  0.0|STATS |=-=-=-=-=-=-=-=-=-=-=-=-=-=-=-=-=-=-=-=-=-=-=-=-=-=-=-=-=-=-=-=-=-=-=-=-=-=-=-
2021-05-27 16:12:55|   3.7|  0.0|STATS |BOS_26SHQLU                                                                  1
2021-05-27 16:12:55|   3.7|  0.0|STATS |==============================================================================
2021-05-27 16:12:55|   3.7|  0.0|STATS |Total Features Written                                                       1
2021-05-27 16:12:55|   3.7|  0.0|STATS |=-=-=-=-=-=-=-=-=-=-=-=-=-=-=-=-=-=-=-=-=-=-=-=-=-=-=-=-=-=-=-=-=-=-=-=-=-=-=-
2021-05-27 16:12:55|   3.7|  0.0|INFORM|MULTI_WRITER: multi_writer_id `BOS_I_3\BOS_26SHQLU': done writing 1 feature(s) 
2021-05-27 16:12:55|   3.7|  0.0|INFORM|^^^^^^^^^^^^^^^^^^^^^^^^^^^^^^^^^^^^^^^^^^^^^^^^^^^^^^^^^^^^^^^^^^^^^^^^^^^^^^
2021-05-27 16:12:55|   3.7|  0.0|INFORM|=-=-=-=-=-=-=-=-=-=-=-=-=-=-=-=-=-=-=-=-=-=-=-=-=-=-=-=-=-=-=-=-=-=-=-=-=-=-=-
2021-05-27 16:12:55|   3.7|  0.0|INFORM|Feature output statistics for `MULTI_WRITER' writer using keyword `SKP_1_FANOUT':
2021-05-27 16:12:55|   3.7|  0.0|STATS |=-=-=-=-=-=-=-=-=-=-=-=-=-=-=-=-=-=-=-=-=-=-=-=-=-=-=-=-=-=-=-=-=-=-=-=-=-=-=-
2021-05-27 16:12:55|   3.7|  0.0|STATS |                               Features Written
2021-05-27 16:12:55|   3.7|  0.0|STATS |=-=-=-=-=-=-=-=-=-=-=-=-=-=-=-=-=-=-=-=-=-=-=-=-=-=-=-=-=-=-=-=-=-=-=-=-=-=-=-
2021-05-27 16:12:55|   3.7|  0.0|STATS |BOS_26SHQLU                                                                  1
2021-05-27 16:12:55|   3.7|  0.0|STATS |BOS_H3Y8YZJ                                                                  1
2021-05-27 16:12:55|   3.7|  0.0|STATS |==============================================================================
2021-05-27 16:12:55|   3.7|  0.0|STATS |Total Features Written                                                       2
2021-05-27 16:12:55|   3.7|  0.0|STATS |=-=-=-=-=-=-=-=-=-=-=-=-=-=-=-=-=-=-=-=-=-=-=-=-=-=-=-=-=-=-=-=-=-=-=-=-=-=-=-
2021-05-27 16:12:55|   3.7|  0.0|INFORM|MULTI_WRITER: multi_writer_id `1': done writing 2 feature(s) 
2021-05-27 16:12:55|   3.7|  0.0|INFORM|^^^^^^^^^^^^^^^^^^^^^^^^^^^^^^^^^^^^^^^^^^^^^^^^^^^^^^^^^^^^^^^^^^^^^^^^^^^^^^
2021-05-27 16:12:55|   3.7|  0.0|STATS |=-=-=-=-=-=-=-=-=-=-=-=-=-=-=-=-=-=-=-=-=-=-=-=-=-=-=-=-=-=-=-=-=-=-=-=-=-=-=-
2021-05-27 16:12:55|   3.7|  0.0|STATS |                            Features Read Summary
2021-05-27 16:12:55|   3.7|  0.0|STATS |=-=-=-=-=-=-=-=-=-=-=-=-=-=-=-=-=-=-=-=-=-=-=-=-=-=-=-=-=-=-=-=-=-=-=-=-=-=-=-
2021-05-27 16:12:55|   3.7|  0.0|STATS |ToExport                                                                     2
2021-05-27 16:12:55|   3.7|  0.0|STATS |==============================================================================
2021-05-27 16:12:55|   3.7|  0.0|STATS |Total Features Read                                                          2
2021-05-27 16:12:55|   3.7|  0.0|STATS |=-=-=-=-=-=-=-=-=-=-=-=-=-=-=-=-=-=-=-=-=-=-=-=-=-=-=-=-=-=-=-=-=-=-=-=-=-=-=-
2021-05-27 16:12:55|   3.7|  0.0|STATS |=-=-=-=-=-=-=-=-=-=-=-=-=-=-=-=-=-=-=-=-=-=-=-=-=-=-=-=-=-=-=-=-=-=-=-=-=-=-=-
2021-05-27 16:12:55|   3.7|  0.0|STATS |                           Features Written Summary
2021-05-27 16:12:55|   3.7|  0.0|STATS |=-=-=-=-=-=-=-=-=-=-=-=-=-=-=-=-=-=-=-=-=-=-=-=-=-=-=-=-=-=-=-=-=-=-=-=-=-=-=-
2021-05-27 16:12:55|   3.7|  0.0|STATS |BOS_26SHQLU                                                                  2
2021-05-27 16:12:55|   3.7|  0.0|STATS |BOS_H3Y8YZJ                                                                  2
2021-05-27 16:12:55|   3.7|  0.0|STATS |==============================================================================
2021-05-27 16:12:55|   3.7|  0.0|STATS |Total Features Written                                                       4
2021-05-27 16:12:55|   3.7|  0.0|STATS |=-=-=-=-=-=-=-=-=-=-=-=-=-=-=-=-=-=-=-=-=-=-=-=-=-=-=-=-=-=-=-=-=-=-=-=-=-=-=-
2021-05-27 16:12:55|   3.7|  0.0|INFORM|Translation was SUCCESSFUL with 2 warning(s) (4 feature(s) output)
2021-05-27 16:12:55|   3.7|  0.0|INFORM|FME Session Duration: 5.3 seconds. (CPU: 1.9s user, 1.1s system)
2021-05-27 16:12:55|   3.7|  0.0|INFORM|END - ProcessID: 20212, peak process memory usage: 294604 kB, current process memory usage: 168828 kB
