2022-10-21 13:50:15|   0.0|  0.0|INFORM|Current FME version: FME 2022.0.0.2 (20220518 - Build 22343 - WIN64)
2022-10-21 13:50:15|   0.0|  0.0|INFORM|FME_HOME is 'C:\Program Files\FME\'
2022-10-21 13:50:15|   0.0|  0.0|INFORM|FME ArcGIS Data Interop Edition (node locked-crc)
2022-10-21 13:50:15|   0.0|  0.0|INFORM|Serial Number: CUB8-CJ9J-16A3
2022-10-21 13:50:15|   0.0|  0.0|INFORM|Permanent License.
2022-10-21 13:50:15|   0.0|  0.0|INFORM|Machine host name is: DESKTOP-B8NSRQR
2022-10-21 13:50:15|   0.0|  0.0|INFORM|OS Locale Name     : en_US
2022-10-21 13:50:15|   0.0|  0.0|INFORM|OS Locale Encoding : windows-1252
2022-10-21 13:50:15|   0.0|  0.0|INFORM|Process Encoding   : UTF-8
2022-10-21 13:50:15|   0.0|  0.0|INFORM|FME Configuration: FME_BASE is 'no'
2022-10-21 13:50:15|   0.0|  0.0|INFORM|FME Configuration: FME_MF_DIR is 'F:\current_work\projects\Boston\Bos3d\Bos3dDevpbc\Workflows\ModelMgt_demo\ModelMgt\Tools\fme/'
2022-10-21 13:50:15|   0.0|  0.0|INFORM|FME Configuration: FME_MF_NAME is 'Multipatch2Obj.fmw'
2022-10-21 13:50:15|   0.0|  0.0|INFORM|FME Configuration: FME_PRODUCT_NAME is 'FME(R) 2022.0.0.2'
2022-10-21 13:50:15|   0.0|  0.0|INFORM|Operating System: Microsoft Windows 10 64-bit  (Build 19043)
2022-10-21 13:50:15|   0.0|  0.0|INFORM|FME Platform: WIN64
2022-10-21 13:50:15|   0.0|  0.0|INFORM|System Status: 529.32 GB of disk space available in the FME temporary folder (C:\Users\pbcote\AppData\Local\Temp\wbrun_1666354809618_19376\fmetmp_20)
2022-10-21 13:50:15|   0.0|  0.0|INFORM|System Status: 23.90 GB of physical memory available
2022-10-21 13:50:15|   0.0|  0.0|INFORM|System Status: 95.62 GB of virtual memory available
2022-10-21 13:50:15|   0.0|  0.0|WARN  |Failed to free sufficient memory to reach the process usage limit. To improve stability and performance please increase the memory available to FME. Available memory can be increased by adding physical RAM, increasing swap space, or closing other applications
2022-10-21 13:50:15|   0.0|  0.0|INFORM|START - ProcessID: 412, peak process memory usage: 82192 kB, current process memory usage: 82192 kB
2022-10-21 13:50:15|   0.0|  0.0|INFORM|FME Configuration: Command line arguments are `C:\Program Files\FME\fme.exe' `F:/current_work/projects/Boston/Bos3d/Bos3dDevpbc/Workflows/ModelMgt_demo/ModelMgt/Tools/fme\wb-xlate-1666374611822_19376' `LOG_STANDARDOUT' `YES' `LOG_TIMINGS' `YES' `LogCountServerName' `61518' `LOG_STANDARDOUT' `No' `WORKBENCH_LOG_SERVER' `60839'
2022-10-21 13:50:15|   0.0|  0.0|INFORM|FME Configuration: Connection Storage: 'C:\Users\pbcote\AppData\Roaming\Safe Software\FME\'
2022-10-21 13:50:15|   0.0|  0.0|INFORM|Shared folders for formats are : C:\Program Files\FME\datasources;C:\Users\pbcote\Documents\FME\Formats
2022-10-21 13:50:15|   0.0|  0.0|INFORM|Shared folders for transformers are : C:\Users\pbcote\AppData\Roaming\Safe Software\FME\Packages\22343-win64\transformers;C:\Program Files\FME\transformers;C:\Users\pbcote\AppData\Roaming\Safe Software\FME\FME Store\Transformers
2022-10-21 13:50:15|   0.0|  0.0|INFORM|Shared folders for coordinate systems are : C:\Users\pbcote\Documents\FME\CoordinateSystems
2022-10-21 13:50:15|   0.0|  0.0|INFORM|Shared folders for coordinate system exceptions are : C:\Users\pbcote\Documents\FME\CoordinateSystemExceptions
2022-10-21 13:50:15|   0.0|  0.0|INFORM|Shared folders for coordinate system grid overrides are : C:\Users\pbcote\Documents\FME\CoordinateSystemGridOverrides
2022-10-21 13:50:15|   0.0|  0.0|INFORM|Shared folders for CS-MAP transformation exceptions are : C:\Users\pbcote\Documents\FME\CsmapTransformationExceptions
2022-10-21 13:50:15|   0.0|  0.0|INFORM|Shared folders for transformer categories are : C:\Users\pbcote\Documents\FME\TransformerCategories
2022-10-21 13:50:15|   0.0|  0.0|INFORM|Mapping File Identifier is: Export Tiled Buildings to OBJ
2022-10-21 13:50:15|   0.0|  0.0|INFORM|The workspace was authored with a system encoding of 'windows-1252'. This will be the encoding used for names in this translation. Re-creating the workspace with a utf-8 system will enable FME to use utf-8 names
2022-10-21 13:50:15|   0.0|  0.0|INFORM|FME Configuration: Reader Keyword is `MULTI_READER'
2022-10-21 13:50:15|   0.0|  0.0|INFORM|FME Configuration: Writer Keyword is `MULTI_WRITER'
2022-10-21 13:50:15|   0.0|  0.0|INFORM|FME Configuration: Writer Group Definition Keyword is `MULTI_WRITER_DEF'
2022-10-21 13:50:15|   0.0|  0.0|INFORM|FME Configuration: Reader type is `MULTI_READER'
2022-10-21 13:50:15|   0.0|  0.0|INFORM|FME Configuration: Writer type is `MULTI_WRITER'
2022-10-21 13:50:15|   0.0|  0.0|INFORM|FME Configuration: No destination coordinate system set
2022-10-21 13:50:15|   0.0|  0.0|INFORM|FME Configuration: Current working folder is `F:\current_work\projects\Boston\Bos3d\Bos3dDevpbc\Workflows\ModelMgt_demo\ModelMgt\Tools\fme'
2022-10-21 13:50:15|   0.0|  0.0|INFORM|FME Configuration: Temporary folder is `C:\Users\pbcote\AppData\Local\Temp\wbrun_1666354809618_19376\fmetmp_20', set from environment variable `FME_TEMP'
2022-10-21 13:50:15|   0.0|  0.0|INFORM|FME Configuration: Cache folder is 'C:\Users\pbcote\AppData\Local\Temp'
2022-10-21 13:50:15|   0.0|  0.0|INFORM|FME Configuration: FME_HOME is `C:\Program Files\FME\'
2022-10-21 13:50:15|   0.0|  0.0|WARN  |FME Configuration: Extremely low initial memory conditions detected. To improve stability and performance please increase the memory available to FME. Available memory can be increased by adding physical RAM, increasing swap space, or closing other applications
2022-10-21 13:50:15|   0.0|  0.0|INFORM|Creating writer for format: 
2022-10-21 13:50:15|   0.0|  0.0|INFORM|Creating reader for format: 
2022-10-21 13:50:15|   0.0|  0.0|INFORM|MULTI_READER(MULTI_READER): Will fail with first member reader failure
2022-10-21 13:50:15|   0.0|  0.0|INFORM|MULTI_READER(MULTI_READER): Adding GEODATABASE_FILE Reader with keyword GEODATABASE_FILE_2
2022-10-21 13:50:15|   0.0|  0.0|INFORM|Using Multi Reader with keyword `MULTI_READER' to read multiple datasets
2022-10-21 13:50:16|   0.2|  0.2|INFORM|Creating reader for format: Esri Geodatabase (File Geodb)
2022-10-21 13:50:16|   0.3|  0.1|INFORM|Trying to find a DYNAMIC plugin for reader named `GEODATABASE_FILE'
2022-10-21 13:50:16|   0.3|  0.0|WARN  |FME Configuration: Maximum of 10 feature(s) will be read starting from feature number 1
2022-10-21 13:50:16|   0.3|  0.0|INFORM|Loaded module 'GEODATABASE_FILE' from file 'C:\Program Files\FME\plugins/..\geodatabase9.dll'
2022-10-21 13:50:16|   0.3|  0.0|INFORM|FME API version of module '..\geodatabase9' matches current internal version (4.0 20220317)
2022-10-21 13:50:16|   0.3|  0.0|INFORM|Opening the Esri Geodatabase reader
2022-10-21 13:50:17|   0.8|  0.5|INFORM|The ArcObjects license 'Advanced' is being selected from the ESRILicenseInfo ArcObjects call
2022-10-21 13:50:17|   1.3|  0.5|INFORM|FME has checked out an Esri license. The product checked out is 'Advanced'
2022-10-21 13:50:17|   1.3|  0.0|INFORM|Installed ArcGIS version is '3.0.1'
2022-10-21 13:50:17|   1.3|  0.0|INFORM|Connected to the File Geodatabase at 'F:\current_work\projects\Boston\Bos3d\Bos3dDevpbc\Workflows\ModelMgt_CityWide_20220308\ModelWork\cc3d_LibraryUpdates_20221017\Batch.gdb'
2022-10-21 13:50:17|   1.3|  0.0|INFORM|File Geodatabase release: '10.0'
2022-10-21 13:50:17|   1.3|  0.0|INFORM|GEODATABASE_FILE_2 Reader: Using Enhanced geometry
2022-10-21 13:50:17|   1.3|  0.0|INFORM|All network information will be ignored. As a result, edges will be treated as polyline features and junctions will be treated as point features
2022-10-21 13:50:17|   1.3|  0.0|INFORM|All relationship information will be ignored. As a result, simple relationships will not be read, and attributed relationships will be read as tables
2022-10-21 13:50:17|   1.3|  0.0|INFORM|GEODATABASE_FILE reader: Creating bulk features from individual features
2022-10-21 13:50:17|   1.3|  0.0|INFORM|Using MultiWriter with keyword `MULTI_WRITER' to output data (ID_ATTRIBUTE is `multi_writer_id')
2022-10-21 13:50:17|   1.3|  0.0|INFORM|Writer output will be ordered by value of multi_writer_id
2022-10-21 13:50:17|   1.4|  0.1|INFORM|Loaded module 'LogCount_func' from file 'C:\Program Files\FME\plugins/LogCount_func.dll'
2022-10-21 13:50:17|   1.4|  0.0|INFORM|FME API version of module 'LogCount_func' matches current internal version (4.0 20220317)
2022-10-21 13:50:17|   1.4|  0.0|INFORM|Loaded module 'GeometryValidationFactory' from file 'C:\Program Files\FME\plugins/GeometryValidationFactory.dll'
2022-10-21 13:50:17|   1.4|  0.0|INFORM|FME API version of module 'GeometryValidationFactory' matches current internal version (4.0 20220317)
2022-10-21 13:50:17|   1.4|  0.0|INFORM|Loaded module 'GQueryFactory' from file 'C:\Program Files\FME\plugins/GQueryFactory.dll'
2022-10-21 13:50:17|   1.4|  0.0|INFORM|FME API version of module 'GQueryFactory' matches current internal version (4.0 20220317)
2022-10-21 13:50:17|   1.4|  0.0|INFORM|Loaded module 'SharedObjectFactory' from file 'C:\Program Files\FME\plugins/SharedObjectFactory.dll'
2022-10-21 13:50:17|   1.4|  0.0|INFORM|FME API version of module 'SharedObjectFactory' matches current internal version (4.0 20220317)
2022-10-21 13:50:17|   1.4|  0.0|INFORM|Loaded module 'TransformPointCloud_func' from file 'C:\Program Files\FME\plugins/TransformPointCloud_func.dll'
2022-10-21 13:50:17|   1.4|  0.0|INFORM|FME API version of module 'TransformPointCloud_func' matches current internal version (4.0 20220317)
2022-10-21 13:50:18|   1.8|  0.4|INFORM|Predefined coordinate system `MA83F' (NAD83 Massachusetts State Planes, Mainland Zone, US Foot) matches dataset coordinate system 
2022-10-21 13:50:18|   1.8|  0.0|INFORM|The OGC definition of the FME coordinate system '_MA83F_0' is 'PROJCS["NAD_1983_StatePlane_Massachusetts_Mainland_FIPS_2001_Feet",GEOGCS["GCS_North_American_1983",DATUM["D_North_American_1983",SPHEROID["GRS_1980",6378137.0,298.257222101]],PRIMEM["Greenwich",0.0],UNIT["Degree",0.0174532925199433]],PROJECTION["Lambert_Conformal_Conic"],PARAMETER["False_Easting",656166.6666666665],PARAMETER["False_Northing",2460625.0],PARAMETER["Central_Meridian",-71.5],PARAMETER["Standard_Parallel_1",41.71666666666667],PARAMETER["Standard_Parallel_2",42.68333333333333],PARAMETER["Latitude_Of_Origin",41.0],UNIT["Foot_US",0.3048006096012192]],VERTCS["NAVD88_height_(ftUS)",VDATUM["North_American_Vertical_Datum_1988"],PARAMETER["Vertical_Shift",0.0],PARAMETER["Direction",1.0],UNIT["Foot_US",0.3048006096012192]]'
2022-10-21 13:50:18|   1.8|  0.0|INFORM|Reading feature type 'Ready_MP'
2022-10-21 13:50:18|   1.8|  0.0|INFORM|FME Configuration: Source coordinate system for reader GEODATABASE_FILE_2[GEODATABASE_FILE] set to `_MA83F_0' as read from input data
2022-10-21 13:50:18|   1.8|  0.0|INFORM|Coordinate System `_MA83F_0' parameters: CS_NAME=`_MA83F_0' CS_ORIGINAL_NAME=`MA83F' DESC_NM=`NAD83 Massachusetts State Planes, Mainland Zone, US Foot' DT_NAME=`NAD83' EPSG_QD=`1' ESRI_WKT=`PROJCS["NAD_1983_StatePlane_Massachusetts_Mainland_FIPS_2001_Feet",GEOGCS["GCS_North_American_1983",DATUM["D_North_American_1983",SPHEROID["GRS_1980",6378137.0,298.257222101]],PRIMEM["Greenwich",0.0],UNIT["Degree",0.0174532925199433]],PROJECTION["Lambert_Conformal_Conic"],PARAMETER["False_Easting",656166.6666666665],PARAMETER["False_Northing",2460625.0],PARAMETER["Central_Meridian",-71.5],PARAMETER["Standard_Parallel_1",41.71666666666667],PARAMETER["Standard_Parallel_2",42.68333333333333],PARAMETER["Latitude_Of_Origin",41.0],UNIT["Foot_US",0.3048006096012192]],VERTCS["NAVD88_height_(ftUS)",VDATUM["North_American_Vertical_Datum_1988"],PARAMETER["Vertical_Shift",0.0],PARAMETER["Direction",1.0],UNIT["Foot_US",0.3048006096012192]]' GROUP=`SPCS83F' MAP_SCL=`1' MAX_LAT=`43.03333333333333' MAX_LNG=`-69.4' MIN_LAT=`41.31666666666667' MIN_LNG=`-73.95' ORG_LAT=`41' ORG_LNG=`-71.5' PARM1=`42.68333333333333' PARM2=`41.71666666666666' PROJ=`LM' QUAD=`1' SCL_RED=`1' SOURCE=`Calculated from MA83 by Mentor Software' UNIT=`FOOT' X_OFF=`656166.6666666666' Y_OFF=`2460625'
2022-10-21 13:50:18|   1.8|  0.0|INFORM|SurfaceOnSurfaceOverlayer (OverlayFactory): Preparing to divide 10 features into groups
2022-10-21 13:50:18|   1.9|  0.1|INFORM|Creating writer for format: 
2022-10-21 13:50:18|   1.9|  0.0|INFORM|Using MultiWriter with keyword `FeatureWriter_5' to output data (ID_ATTRIBUTE is `multi_writer_id')
2022-10-21 13:50:18|   1.9|  0.0|INFORM|MULTI_WRITER: Output will be zipped
2022-10-21 13:50:18|   1.9|  0.0|INFORM|Creating writer for format: JSON (JavaScript Object Notation)
2022-10-21 13:50:18|   1.9|  0.0|INFORM|Trying to find a DYNAMIC plugin for writer named `JSON'
2022-10-21 13:50:18|   1.9|  0.0|INFORM|Loaded module 'JSON' from file 'C:\Program Files\FME\plugins/JSON.dll'
2022-10-21 13:50:18|   1.9|  0.0|INFORM|FME API version of module 'JSON' matches current internal version (4.0 20220317)
2022-10-21 13:50:18|   1.9|  0.0|INFORM|FME Configuration: No destination coordinate system set
2022-10-21 13:50:18|   1.9|  0.0|INFORM|Writer `FeatureWriter_5_0' of type `JSON' using group definition keyword `FeatureWriter_5_0_DEF'
2022-10-21 13:50:18|   2.0|  0.1|INFORM|Opening the JSON writer with destination dataset 'C:\Users\pbcote\AppData\Local\Temp\wbrun_1666354809618_19376\fmetmp_20\_auto_zip_dataset_1666374618335_412\BOS_KAQQ4J8_info.json'
2022-10-21 13:50:18|   2.0|  0.0|INFORM|JSON writer: Splitting bulk features into individual features
2022-10-21 13:50:18|   2.0|  0.0|INFORM|FME Configuration: Destination coordinate system set to input coordinate system `_MA83F_0'
2022-10-21 13:50:18|   2.0|  0.0|INFORM|Closing the Esri Geodatabase reader
2022-10-21 13:50:18|   2.0|  0.0|INFORM|MULTI_READER(MULTI_READER): Done reading 10 features from 1 readers
2022-10-21 13:50:18|   2.0|  0.0|INFORM|Emptying factory pipeline
2022-10-21 13:50:18|   2.0|  0.0|STATS |Router and Unexpected Input Remover (RoutingFactory): Tested 10 input feature(s), wrote 10 output feature(s): 10 matched merge filters, 10 were routed to output, 0 could not be routed.
2022-10-21 13:50:18|   2.0|  0.0|STATS |Unexpected Input Remover Nuker (TeeFactory): Cloned 0 input feature(s) into 0 output feature(s)
2022-10-21 13:50:18|   2.0|  0.0|STATS |Ready_MP_GEODATABASE_FILE_2 Splitter (TeeFactory): Cloned 10 input feature(s) into 30 output feature(s)
2022-10-21 13:50:18|   2.0|  0.0|STATS |Ready_MP_GEODATABASE_FILE_2_0_+T5xarUnNb8= Feature Counter -1 17 (TeeFactory): Cloned 10 input feature(s) into 10 output feature(s)
2022-10-21 13:50:18|   2.0|  0.0|STATS |Ready_MP_GEODATABASE_FILE_2_1_EnHtO7jfDWo= Feature Counter -1 18 (TeeFactory): Cloned 10 input feature(s) into 10 output feature(s)
2022-10-21 13:50:18|   2.0|  0.0|STATS |Ready_MP_GEODATABASE_FILE_2_1_EnHtO7jfDWo= Disabled Nuker -1 18 (TeeFactory): Cloned 10 input feature(s) into 0 output feature(s)
2022-10-21 13:50:18|   2.0|  0.0|STATS |Ready_MP_GEODATABASE_FILE_2_2_JK6s2vM1jNg= Feature Counter -1 19 (TeeFactory): Cloned 10 input feature(s) into 10 output feature(s)
2022-10-21 13:50:18|   2.0|  0.0|STATS |Prep_MP_GEODATABASE_FILE_2 Splitter (TeeFactory): Cloned 0 input feature(s) into 0 output feature(s)
2022-10-21 13:50:18|   2.0|  0.0|STATS |Prep_MP_GEODATABASE_FILE_2_0_LL8q4EoIF9g= Feature Counter -1 60 (TeeFactory): Cloned 0 input feature(s) into 0 output feature(s)
2022-10-21 13:50:18|   2.0|  0.0|STATS |Prep_MP_GEODATABASE_FILE_2_1_eY0QxeAQTXg= Feature Counter -1 61 (TeeFactory): Cloned 0 input feature(s) into 0 output feature(s)
2022-10-21 13:50:18|   2.0|  0.0|STATS |Prep_MP_GEODATABASE_FILE_2_2_UBk5oADgUQs= Feature Counter -1 62 (TeeFactory): Cloned 0 input feature(s) into 0 output feature(s)
2022-10-21 13:50:18|   2.0|  0.0|STATS |Prep_MP_GEODATABASE_FILE_2_2_UBk5oADgUQs= Disabled Nuker -1 62 (TeeFactory): Cloned 0 input feature(s) into 0 output feature(s)
2022-10-21 13:50:18|   2.0|  0.0|STATS |AttributeManager OUTPUT Splitter (TeeFactory): Cloned 10 input feature(s) into 20 output feature(s)
2022-10-21 13:50:18|   2.0|  0.0|STATS |AttributeManager_OUTPUT_0_qkWxPTSviNs= Feature Counter -1 20 (TeeFactory): Cloned 10 input feature(s) into 10 output feature(s)
2022-10-21 13:50:18|   2.0|  0.0|STATS |AttributeManager_OUTPUT_0_qkWxPTSviNs= Disabled Nuker -1 20 (TeeFactory): Cloned 10 input feature(s) into 0 output feature(s)
2022-10-21 13:50:18|   2.0|  0.0|STATS |AttributeManager_OUTPUT_1_qYvk7jiZJpI= Feature Counter -1 69 (TeeFactory): Cloned 10 input feature(s) into 10 output feature(s)
2022-10-21 13:50:18|   2.0|  0.0|INFORM|SurfaceOnSurfaceOverlayer (OverlayFactory): Dividing 10 features into groups
2022-10-21 13:50:18|   2.0|  0.0|INFORM|ResourceManager: Optimizing Memory Usage.  Please wait...
2022-10-21 13:50:18|   2.1|  0.1|INFORM|ResourceManager: Optimizing Memory Usage.  Please wait...
2022-10-21 13:50:18|   2.1|  0.0|WARN  |AppearanceStyler: Unsupported geometry found. Removing all unsupported geometry from feature
2022-10-21 13:50:18|   2.1|  0.0|WARN  |GeometryPartExtractor_2_GQuery (GQueryFactory): The Geometry Part XQuery matched no parts; no action will be performed. Further warnings will be suppressed
2022-10-21 13:50:18|   2.1|  0.0|INFORM|ResourceManager: Optimizing Memory Usage.  Please wait...
2022-10-21 13:50:20|   4.5|  2.4|INFORM|... Last line repeated 18 times ...
2022-10-21 13:50:20|   4.5|  0.0|STATS |SurfaceOnSurfaceOverlayer (OverlayFactory): Summary: Input 20 surface(s). Output 676 surface(s).
2022-10-21 13:50:20|   4.5|  0.0|STATS |SurfaceOnSurfaceOverlayer_SURFACE Feature Counter -1 70 (TeeFactory): Cloned 676 input feature(s) into 676 output feature(s)
2022-10-21 13:50:20|   4.5|  0.0|STATS |SurfaceOnSurfaceOverlayer_<REJECTED> Feature Counter -1 2147680321 (TeeFactory): Cloned 0 input feature(s) into 0 output feature(s)
2022-10-21 13:50:20|   4.5|  0.0|STATS |GeometryValidator REPAIRED Splitter (TeeFactory): Cloned 0 input feature(s) into 0 output feature(s)
2022-10-21 13:50:20|   4.5|  0.0|STATS |GeometryValidator_PASSED Feature Counter -1 50 (TeeFactory): Cloned 676 input feature(s) into 676 output feature(s)
2022-10-21 13:50:20|   4.5|  0.0|STATS |GeometryValidator_FAILED Feature Counter -1 33 (TeeFactory): Cloned 0 input feature(s) into 0 output feature(s)
2022-10-21 13:50:20|   4.5|  0.0|STATS |GeometryValidator_REPAIRED_0_bmPjNYy8zOc= Feature Counter -1 38 (TeeFactory): Cloned 0 input feature(s) into 0 output feature(s)
2022-10-21 13:50:20|   4.5|  0.0|STATS |GeometryValidator_REPAIRED_1_C7c8Qi59Adw= Feature Counter -1 39 (TeeFactory): Cloned 0 input feature(s) into 0 output feature(s)
2022-10-21 13:50:20|   4.5|  0.0|STATS |GeometryValidator_ISSUE_LOCATIONS Feature Counter -1 40 (TeeFactory): Cloned 0 input feature(s) into 0 output feature(s)
2022-10-21 13:50:20|   4.5|  0.0|STATS |GeometryValidator_INVALID_PARTS Feature Counter -1 51 (TeeFactory): Cloned 0 input feature(s) into 0 output feature(s)
2022-10-21 13:50:20|   4.5|  0.0|STATS |GeometryPartExtractor_2 UNTOUCHED Splitter (TeeFactory): Cloned 10 input feature(s) into 20 output feature(s)
2022-10-21 13:50:20|   4.5|  0.0|STATS |GeometryPartExtractor_2_PROCESSED Feature Counter -1 28 (TeeFactory): Cloned 666 input feature(s) into 666 output feature(s)
2022-10-21 13:50:20|   4.5|  0.0|STATS |GeometryPartExtractor_2_UNTOUCHED_0_+LpwPwXbQP0= Feature Counter -1 34 (TeeFactory): Cloned 10 input feature(s) into 10 output feature(s)
2022-10-21 13:50:20|   4.5|  0.0|STATS |GeometryPartExtractor_2_UNTOUCHED_1_daY26upURhg= Feature Counter -1 35 (TeeFactory): Cloned 10 input feature(s) into 10 output feature(s)
2022-10-21 13:50:20|   4.5|  0.0|STATS |AppearanceStyler_GeometryFilter (TestFactory): Tested 676 input feature(s) -- 0 feature(s) passed and 676 feature(s) failed
2022-10-21 13:50:20|   4.5|  0.0|STATS |AppearanceStyler (TeeFactory): Cloned 676 input feature(s) into 676 output feature(s)
2022-10-21 13:50:20|   4.5|  0.0|STATS |AppearanceStyler OUTPUT Splitter (TeeFactory): Cloned 676 input feature(s) into 1352 output feature(s)
2022-10-21 13:50:20|   4.5|  0.0|STATS |AppearanceStyler_OUTPUT_0_PhI6H9oJF/o= Feature Counter -1 25 (TeeFactory): Cloned 676 input feature(s) into 676 output feature(s)
2022-10-21 13:50:20|   4.5|  0.0|STATS |AppearanceStyler_OUTPUT_1_VuLcYTp4lq4= Feature Counter -1 66 (TeeFactory): Cloned 676 input feature(s) into 676 output feature(s)
2022-10-21 13:50:20|   4.5|  0.0|STATS |AppearanceStyler_OUTPUT_1_VuLcYTp4lq4= Disabled Nuker -1 66 (TeeFactory): Cloned 676 input feature(s) into 0 output feature(s)
2022-10-21 13:50:20|   4.5|  0.0|STATS |AppearanceSetter_HOLDER (SortFactory): Output 0 feature(s) without doing any sorting
2022-10-21 13:50:20|   4.5|  0.0|STATS |AppearanceSetter_ColorStyle_Creator (CreationFactory): Created 1 features
2022-10-21 13:50:20|   4.5|  0.0|STATS |AppearanceSetter_Apply_ColorStyle (TeeFactory): Cloned 1 input feature(s) into 1 output feature(s)
2022-10-21 13:50:20|   4.5|  0.0|STATS |AppearanceSetter_uOriginOffsetRejector (TestFactory): Tested 10 input feature(s) -- 10 feature(s) passed and 0 feature(s) failed
2022-10-21 13:50:20|   4.5|  0.0|STATS |AppearanceSetter_vOriginOffsetRejector (TestFactory): Tested 10 input feature(s) -- 10 feature(s) passed and 0 feature(s) failed
2022-10-21 13:50:20|   4.5|  0.0|STATS |AppearanceSetter__textureuRepeatFactorRejector__ (TestFactory): Tested 10 input feature(s) -- 10 feature(s) passed and 0 feature(s) failed
2022-10-21 13:50:20|   4.5|  0.0|STATS |AppearanceSetter__texturevRepeatFactorRejector__ (TestFactory): Tested 10 input feature(s) -- 10 feature(s) passed and 0 feature(s) failed
2022-10-21 13:50:20|   4.5|  0.0|STATS |AppearanceSetter_OUTPUT Feature Counter -1 26 (TeeFactory): Cloned 10 input feature(s) into 10 output feature(s)
2022-10-21 13:50:20|   4.5|  0.0|STATS |AppearanceSetter_<REJECTED> Feature Counter -1 41 (TeeFactory): Cloned 675 input feature(s) into 675 output feature(s)
2022-10-21 13:50:20|   4.5|  0.0|INFORM|Creating writer for format: 
2022-10-21 13:50:20|   4.5|  0.0|INFORM|FME Configuration: No destination coordinate system set
2022-10-21 13:50:20|   4.5|  0.0|INFORM|Using MultiWriter with keyword `OBJ_1_FANOUT' to output data (ID_ATTRIBUTE is `multi_writer_id')
2022-10-21 13:50:20|   4.5|  0.0|INFORM|Writer output will be ordered by input dataset ordering
2022-10-21 13:50:20|   4.5|  0.0|INFORM|Writer `OBJ_1_FANOUT' of type `MULTI_WRITER' using group definition keyword `MULTI_WRITER_DEF'
2022-10-21 13:50:20|   4.5|  0.0|INFORM|MULTI_WRITER: Output will be zipped
2022-10-21 13:50:20|   4.5|  0.0|INFORM|Creating writer for format: OBJ
2022-10-21 13:50:20|   4.5|  0.0|INFORM|Trying to find a DYNAMIC plugin for writer named `OBJ'
2022-10-21 13:50:20|   4.5|  0.0|INFORM|Loaded module 'OBJ' from file 'C:\Program Files\FME\plugins/obj/obj.dll'
2022-10-21 13:50:20|   4.5|  0.0|INFORM|FME API version of module 'obj/obj' matches current internal version (4.0 20220317)
2022-10-21 13:50:20|   4.5|  0.0|INFORM|FME Configuration: No destination coordinate system set
2022-10-21 13:50:20|   4.5|  0.0|INFORM|Writer `OBJ_1' of type `OBJ' using group definition keyword `OBJ_1_DEF'
2022-10-21 13:50:20|   4.5|  0.0|INFORM|OBJ Writer: Opening File Writer on dataset: 'C:\Users\pbcote\AppData\Local\Temp\wbrun_1666354809618_19376\fmetmp_20\_auto_zip_dataset_1666374620926_412'
2022-10-21 13:50:20|   4.5|  0.0|INFORM|OBJ Writer: Reverse Face Order: 'No'
2022-10-21 13:50:20|   4.5|  0.0|INFORM|OBJ Writer: Triangulate Faces: 'Yes'
2022-10-21 13:50:20|   4.5|  0.0|INFORM|OBJ Writer: Write Points and Lines: 'No'
2022-10-21 13:50:20|   4.5|  0.0|INFORM|OBJ Writer: Write FME Version to OBJ file: 'Yes'
2022-10-21 13:50:20|   4.5|  0.0|INFORM|OBJ Writer: Write Mesh Vertex Colors: 'Yes'
2022-10-21 13:50:20|   4.5|  0.0|INFORM|OBJ Writer: Write Texture List File: 'No'
2022-10-21 13:50:20|   4.5|  0.0|INFORM|OBJ Writer: Fix Names: 'Yes'
2022-10-21 13:50:20|   4.5|  0.0|INFORM|OBJ Writer: File per Feature: 'No'
2022-10-21 13:50:20|   4.5|  0.0|INFORM|FME Configuration: Destination coordinate system set to input coordinate system `_MA83F_0'
2022-10-21 13:50:20|   4.5|  0.0|INFORM|OBJ Writer: Double sided surface encountered, auto-picking one side. Use SurfaceSplitter to preserve both sides
2022-10-21 13:50:20|   4.5|  0.0|WARN  |OBJ Writer: Unknown geometry type 'IFMENull' is not supported, the feature will not be written
2022-10-21 13:50:20|   4.5|  0.0|INFORM|ResourceManager: Optimizing Memory Usage.  Please wait...
2022-10-21 13:50:20|   4.5|  0.0|STATS |Storing feature(s) to FME feature store file `C:\Users\pbcote\AppData\Local\Temp\wb-cache-Multipatch2Obj-DRvoaP\Main_Offsetter -1 7 fo 1 _lt_REJECTED_gt_  0  faaed139ccea08aeedc458303d561170094fd031.ffsupdating'
2022-10-21 13:50:21|   4.6|  0.1|STATS |Aggregator_6 (AggregateFactory): Combined 685 input feature(s) into 10 output feature(s), including 0 singleton(s)
2022-10-21 13:50:21|   4.6|  0.0|STATS |Aggregator_6_AGGREGATE Feature Counter -1 27 (TeeFactory): Cloned 10 input feature(s) into 10 output feature(s)
2022-10-21 13:50:21|   4.6|  0.0|STATS |Offsetter_OffsetterInput (TeeFactory): Cloned 10 input feature(s) into 10 output feature(s)
2022-10-21 13:50:21|   4.6|  0.0|STATS |Offsetter_Offsetter (TeeFactory): Cloned 10 input feature(s) into 10 output feature(s)
2022-10-21 13:50:21|   4.6|  0.0|STATS |Offsetter_Rejector (TestFactory): Tested 10 input feature(s) -- 5 feature(s) passed and 5 feature(s) failed
2022-10-21 13:50:21|   4.6|  0.0|STATS |Offsetter_PointCloudOffsetter (TestFactory): Tested 5 input feature(s) -- 0 feature(s) passed and 5 feature(s) failed
2022-10-21 13:50:21|   4.6|  0.0|STATS |Stored 5 feature(s) to FME feature store file `C:\Users\pbcote\AppData\Local\Temp\wb-cache-Multipatch2Obj-DRvoaP\Main_Offsetter -1 7 fo 1 _lt_REJECTED_gt_  0  faaed139ccea08aeedc458303d561170094fd031.ffsupdating'
2022-10-21 13:50:21|   4.6|  0.0|INFORM|Saving spatial index into file 'C:\Users\pbcote\AppData\Local\Temp\wb-cache-Multipatch2Obj-DRvoaP\Main_Offsetter -1 7 fo 1 _lt_REJECTED_gt_  0  faaed139ccea08aeedc458303d561170094fd031.fsi'
2022-10-21 13:50:21|   4.6|  0.0|INFORM|Finished saving spatial index into file 'C:\Users\pbcote\AppData\Local\Temp\wb-cache-Multipatch2Obj-DRvoaP\Main_Offsetter -1 7 fo 1 _lt_REJECTED_gt_  0  faaed139ccea08aeedc458303d561170094fd031.fsi'
2022-10-21 13:50:21|   4.6|  0.0|STATS |Offsetter_OFFSET Feature Counter -1 24 (TeeFactory): Cloned 5 input feature(s) into 5 output feature(s)
2022-10-21 13:50:21|   4.6|  0.0|STATS |Offsetter_<REJECTED> Feature Counter -1 2147680263 (TeeFactory): Cloned 5 input feature(s) into 0 output feature(s)
2022-10-21 13:50:21|   4.6|  0.0|STATS |ListExploder (ElementFactory): Split out 0 list elements from 0 input features
2022-10-21 13:50:21|   4.6|  0.0|STATS |ListExploder ELEMENTS Splitter (TeeFactory): Cloned 0 input feature(s) into 0 output feature(s)
2022-10-21 13:50:21|   4.6|  0.0|STATS |ListExploder <REJECTED> Splitter (TeeFactory): Cloned 0 input feature(s) into 0 output feature(s)
2022-10-21 13:50:21|   4.6|  0.0|STATS |ListExploder_ELEMENTS_0_NAuJp1H9QpY= Feature Counter -1 31 (TeeFactory): Cloned 0 input feature(s) into 0 output feature(s)
2022-10-21 13:50:21|   4.6|  0.0|STATS |ListExploder_ELEMENTS_1_7GzfDF0RRcc= Feature Counter -1 57 (TeeFactory): Cloned 0 input feature(s) into 0 output feature(s)
2022-10-21 13:50:21|   4.6|  0.0|STATS |ListExploder_<REJECTED>_0_CVHL0OGVc2E= Feature Counter -1 37 (TeeFactory): Cloned 0 input feature(s) into 0 output feature(s)
2022-10-21 13:50:21|   4.6|  0.0|STATS |ListExploder_<REJECTED>_1_XJ45MS2C/xM= Feature Counter -1 58 (TeeFactory): Cloned 0 input feature(s) into 0 output feature(s)
2022-10-21 13:50:21|   4.6|  0.0|STATS |NullAttributeMapper_3 (TeeFactory): Cloned 10 input feature(s) into 10 output feature(s)
2022-10-21 13:50:21|   4.6|  0.0|STATS |NullAttributeMapper_3_OUTPUT Feature Counter -1 21 (TeeFactory): Cloned 10 input feature(s) into 10 output feature(s)
2022-10-21 13:50:21|   4.6|  0.0|INFORM|Closing the JSON writer
2022-10-21 13:50:21|   4.6|  0.0|INFORM|=-=-=-=-=-=-=-=-=-=-=-=-=-=-=-=-=-=-=-=-=-=-=-=-=-=-=-=-=-=-=-=-=-=-=-=-=-=-=-
2022-10-21 13:50:21|   4.6|  0.0|INFORM|Feature output statistics for `JSON' writer using keyword `FeatureWriter_5_0':
2022-10-21 13:50:21|   4.6|  0.0|STATS |=-=-=-=-=-=-=-=-=-=-=-=-=-=-=-=-=-=-=-=-=-=-=-=-=-=-=-=-=-=-=-=-=-=-=-=-=-=-=-
2022-10-21 13:50:21|   4.6|  0.0|STATS |                               Features Written
2022-10-21 13:50:21|   4.6|  0.0|STATS |=-=-=-=-=-=-=-=-=-=-=-=-=-=-=-=-=-=-=-=-=-=-=-=-=-=-=-=-=-=-=-=-=-=-=-=-=-=-=-
2022-10-21 13:50:21|   4.6|  0.0|STATS |BOS_I_3 3D Model Collection Issued: 20210806                                 1
2022-10-21 13:50:21|   4.6|  0.0|STATS |==============================================================================
2022-10-21 13:50:21|   4.6|  0.0|STATS |Total Features Written                                                       1
2022-10-21 13:50:21|   4.6|  0.0|STATS |=-=-=-=-=-=-=-=-=-=-=-=-=-=-=-=-=-=-=-=-=-=-=-=-=-=-=-=-=-=-=-=-=-=-=-=-=-=-=-
2022-10-21 13:50:21|   4.6|  0.0|INFORM|vvvvvvvvvvvvvvvvvvvvvvvvvvvvvvvvvvvvvvvvvvvvvvvvvvvvvvvvvvvvvvvvvvvvvvvvvvvvvv
2022-10-21 13:50:21|   4.6|  0.0|INFORM|MULTI_WRITER: multi_writer_id `1': Started outputting features
2022-10-21 13:50:21|   4.6|  0.0|INFORM|MULTI_WRITER: Output will be zipped
2022-10-21 13:50:21|   4.6|  0.0|INFORM|Creating writer for format: JSON (JavaScript Object Notation)
2022-10-21 13:50:21|   4.6|  0.0|INFORM|Trying to find a DYNAMIC plugin for writer named `JSON'
2022-10-21 13:50:21|   4.6|  0.0|INFORM|FME Configuration: No destination coordinate system set
2022-10-21 13:50:21|   4.6|  0.0|INFORM|Writer `FeatureWriter_5_1' of type `JSON' using group definition keyword `FeatureWriter_5_1_DEF'
2022-10-21 13:50:21|   4.6|  0.0|INFORM|Opening the JSON writer with destination dataset 'C:\Users\pbcote\AppData\Local\Temp\wbrun_1666354809618_19376\fmetmp_20\_auto_zip_dataset_1666374621014_412\BOS_X6QU21Z_info.json'
2022-10-21 13:50:21|   4.6|  0.0|INFORM|JSON writer: Splitting bulk features into individual features
2022-10-21 13:50:21|   4.6|  0.0|INFORM|FME Configuration: Destination coordinate system set to input coordinate system `_MA83F_0'
2022-10-21 13:50:21|   4.6|  0.0|INFORM|Closing the JSON writer
2022-10-21 13:50:21|   4.6|  0.0|INFORM|=-=-=-=-=-=-=-=-=-=-=-=-=-=-=-=-=-=-=-=-=-=-=-=-=-=-=-=-=-=-=-=-=-=-=-=-=-=-=-
2022-10-21 13:50:21|   4.6|  0.0|INFORM|Feature output statistics for `JSON' writer using keyword `FeatureWriter_5_1':
2022-10-21 13:50:21|   4.6|  0.0|STATS |=-=-=-=-=-=-=-=-=-=-=-=-=-=-=-=-=-=-=-=-=-=-=-=-=-=-=-=-=-=-=-=-=-=-=-=-=-=-=-
2022-10-21 13:50:21|   4.6|  0.0|STATS |                               Features Written
2022-10-21 13:50:21|   4.6|  0.0|STATS |=-=-=-=-=-=-=-=-=-=-=-=-=-=-=-=-=-=-=-=-=-=-=-=-=-=-=-=-=-=-=-=-=-=-=-=-=-=-=-
2022-10-21 13:50:21|   4.6|  0.0|STATS |BOS_I_3 3D Model Collection Issued: 20210806                                 1
2022-10-21 13:50:21|   4.6|  0.0|STATS |==============================================================================
2022-10-21 13:50:21|   4.6|  0.0|STATS |Total Features Written                                                       1
2022-10-21 13:50:21|   4.6|  0.0|STATS |=-=-=-=-=-=-=-=-=-=-=-=-=-=-=-=-=-=-=-=-=-=-=-=-=-=-=-=-=-=-=-=-=-=-=-=-=-=-=-
2022-10-21 13:50:21|   4.6|  0.0|INFORM|MULTI_WRITER: multi_writer_id `1': done writing 1 feature(s) 
2022-10-21 13:50:21|   4.6|  0.0|INFORM|^^^^^^^^^^^^^^^^^^^^^^^^^^^^^^^^^^^^^^^^^^^^^^^^^^^^^^^^^^^^^^^^^^^^^^^^^^^^^^
2022-10-21 13:50:21|   4.6|  0.0|INFORM|vvvvvvvvvvvvvvvvvvvvvvvvvvvvvvvvvvvvvvvvvvvvvvvvvvvvvvvvvvvvvvvvvvvvvvvvvvvvvv
2022-10-21 13:50:21|   4.6|  0.0|INFORM|MULTI_WRITER: multi_writer_id `2': Started outputting features
2022-10-21 13:50:21|   4.6|  0.0|INFORM|MULTI_WRITER: Output will be zipped
2022-10-21 13:50:21|   4.6|  0.0|INFORM|Creating writer for format: JSON (JavaScript Object Notation)
2022-10-21 13:50:21|   4.6|  0.0|INFORM|Trying to find a DYNAMIC plugin for writer named `JSON'
2022-10-21 13:50:21|   4.6|  0.0|INFORM|FME Configuration: No destination coordinate system set
2022-10-21 13:50:21|   4.6|  0.0|INFORM|Writer `FeatureWriter_5_2' of type `JSON' using group definition keyword `FeatureWriter_5_2_DEF'
2022-10-21 13:50:21|   4.6|  0.0|INFORM|Opening the JSON writer with destination dataset 'C:\Users\pbcote\AppData\Local\Temp\wbrun_1666354809618_19376\fmetmp_20\_auto_zip_dataset_1666374621027_412\BOS_3L1UF4X_info.json'
2022-10-21 13:50:21|   4.6|  0.0|INFORM|JSON writer: Splitting bulk features into individual features
2022-10-21 13:50:21|   4.6|  0.0|INFORM|FME Configuration: Destination coordinate system set to input coordinate system `_MA83F_0'
2022-10-21 13:50:21|   4.6|  0.0|INFORM|Closing the JSON writer
2022-10-21 13:50:21|   4.6|  0.0|INFORM|=-=-=-=-=-=-=-=-=-=-=-=-=-=-=-=-=-=-=-=-=-=-=-=-=-=-=-=-=-=-=-=-=-=-=-=-=-=-=-
2022-10-21 13:50:21|   4.6|  0.0|INFORM|Feature output statistics for `JSON' writer using keyword `FeatureWriter_5_2':
2022-10-21 13:50:21|   4.6|  0.0|STATS |=-=-=-=-=-=-=-=-=-=-=-=-=-=-=-=-=-=-=-=-=-=-=-=-=-=-=-=-=-=-=-=-=-=-=-=-=-=-=-
2022-10-21 13:50:21|   4.6|  0.0|STATS |                               Features Written
2022-10-21 13:50:21|   4.6|  0.0|STATS |=-=-=-=-=-=-=-=-=-=-=-=-=-=-=-=-=-=-=-=-=-=-=-=-=-=-=-=-=-=-=-=-=-=-=-=-=-=-=-
2022-10-21 13:50:21|   4.6|  0.0|STATS |BOS_I_3 3D Model Collection Issued: 20210806                                 1
2022-10-21 13:50:21|   4.6|  0.0|STATS |==============================================================================
2022-10-21 13:50:21|   4.6|  0.0|STATS |Total Features Written                                                       1
2022-10-21 13:50:21|   4.6|  0.0|STATS |=-=-=-=-=-=-=-=-=-=-=-=-=-=-=-=-=-=-=-=-=-=-=-=-=-=-=-=-=-=-=-=-=-=-=-=-=-=-=-
2022-10-21 13:50:21|   4.6|  0.0|INFORM|MULTI_WRITER: multi_writer_id `2': done writing 1 feature(s) 
2022-10-21 13:50:21|   4.6|  0.0|INFORM|^^^^^^^^^^^^^^^^^^^^^^^^^^^^^^^^^^^^^^^^^^^^^^^^^^^^^^^^^^^^^^^^^^^^^^^^^^^^^^
2022-10-21 13:50:21|   4.6|  0.0|INFORM|vvvvvvvvvvvvvvvvvvvvvvvvvvvvvvvvvvvvvvvvvvvvvvvvvvvvvvvvvvvvvvvvvvvvvvvvvvvvvv
2022-10-21 13:50:21|   4.6|  0.0|INFORM|MULTI_WRITER: multi_writer_id `3': Started outputting features
2022-10-21 13:50:21|   4.6|  0.0|INFORM|MULTI_WRITER: Output will be zipped
2022-10-21 13:50:21|   4.6|  0.0|INFORM|Creating writer for format: JSON (JavaScript Object Notation)
2022-10-21 13:50:21|   4.6|  0.0|INFORM|Trying to find a DYNAMIC plugin for writer named `JSON'
2022-10-21 13:50:21|   4.6|  0.0|INFORM|FME Configuration: No destination coordinate system set
2022-10-21 13:50:21|   4.6|  0.0|INFORM|Writer `FeatureWriter_5_3' of type `JSON' using group definition keyword `FeatureWriter_5_3_DEF'
2022-10-21 13:50:21|   4.6|  0.0|INFORM|Opening the JSON writer with destination dataset 'C:\Users\pbcote\AppData\Local\Temp\wbrun_1666354809618_19376\fmetmp_20\_auto_zip_dataset_1666374621039_412\BOS_4AFSJYW_info.json'
2022-10-21 13:50:21|   4.6|  0.0|INFORM|JSON writer: Splitting bulk features into individual features
2022-10-21 13:50:21|   4.6|  0.0|INFORM|FME Configuration: Destination coordinate system set to input coordinate system `_MA83F_0'
2022-10-21 13:50:21|   4.6|  0.0|INFORM|Closing the JSON writer
2022-10-21 13:50:21|   4.6|  0.0|INFORM|=-=-=-=-=-=-=-=-=-=-=-=-=-=-=-=-=-=-=-=-=-=-=-=-=-=-=-=-=-=-=-=-=-=-=-=-=-=-=-
2022-10-21 13:50:21|   4.6|  0.0|INFORM|Feature output statistics for `JSON' writer using keyword `FeatureWriter_5_3':
2022-10-21 13:50:21|   4.6|  0.0|STATS |=-=-=-=-=-=-=-=-=-=-=-=-=-=-=-=-=-=-=-=-=-=-=-=-=-=-=-=-=-=-=-=-=-=-=-=-=-=-=-
2022-10-21 13:50:21|   4.6|  0.0|STATS |                               Features Written
2022-10-21 13:50:21|   4.6|  0.0|STATS |=-=-=-=-=-=-=-=-=-=-=-=-=-=-=-=-=-=-=-=-=-=-=-=-=-=-=-=-=-=-=-=-=-=-=-=-=-=-=-
2022-10-21 13:50:21|   4.6|  0.0|STATS |BOS_I_3 3D Model Collection Issued: 20210806                                 1
2022-10-21 13:50:21|   4.6|  0.0|STATS |==============================================================================
2022-10-21 13:50:21|   4.6|  0.0|STATS |Total Features Written                                                       1
2022-10-21 13:50:21|   4.6|  0.0|STATS |=-=-=-=-=-=-=-=-=-=-=-=-=-=-=-=-=-=-=-=-=-=-=-=-=-=-=-=-=-=-=-=-=-=-=-=-=-=-=-
2022-10-21 13:50:21|   4.6|  0.0|INFORM|MULTI_WRITER: multi_writer_id `3': done writing 1 feature(s) 
2022-10-21 13:50:21|   4.6|  0.0|INFORM|^^^^^^^^^^^^^^^^^^^^^^^^^^^^^^^^^^^^^^^^^^^^^^^^^^^^^^^^^^^^^^^^^^^^^^^^^^^^^^
2022-10-21 13:50:21|   4.6|  0.0|INFORM|vvvvvvvvvvvvvvvvvvvvvvvvvvvvvvvvvvvvvvvvvvvvvvvvvvvvvvvvvvvvvvvvvvvvvvvvvvvvvv
2022-10-21 13:50:21|   4.6|  0.0|INFORM|MULTI_WRITER: multi_writer_id `4': Started outputting features
2022-10-21 13:50:21|   4.6|  0.0|INFORM|MULTI_WRITER: Output will be zipped
2022-10-21 13:50:21|   4.6|  0.0|INFORM|Creating writer for format: JSON (JavaScript Object Notation)
2022-10-21 13:50:21|   4.6|  0.0|INFORM|Trying to find a DYNAMIC plugin for writer named `JSON'
2022-10-21 13:50:21|   4.6|  0.0|INFORM|FME Configuration: No destination coordinate system set
2022-10-21 13:50:21|   4.6|  0.0|INFORM|Writer `FeatureWriter_5_4' of type `JSON' using group definition keyword `FeatureWriter_5_4_DEF'
2022-10-21 13:50:21|   4.6|  0.0|INFORM|Opening the JSON writer with destination dataset 'C:\Users\pbcote\AppData\Local\Temp\wbrun_1666354809618_19376\fmetmp_20\_auto_zip_dataset_1666374621052_412\BOS_4PH1YDJ_info.json'
2022-10-21 13:50:21|   4.6|  0.0|INFORM|JSON writer: Splitting bulk features into individual features
2022-10-21 13:50:21|   4.6|  0.0|INFORM|FME Configuration: Destination coordinate system set to input coordinate system `_MA83F_0'
2022-10-21 13:50:21|   4.6|  0.0|INFORM|Closing the JSON writer
2022-10-21 13:50:21|   4.6|  0.0|INFORM|=-=-=-=-=-=-=-=-=-=-=-=-=-=-=-=-=-=-=-=-=-=-=-=-=-=-=-=-=-=-=-=-=-=-=-=-=-=-=-
2022-10-21 13:50:21|   4.6|  0.0|INFORM|Feature output statistics for `JSON' writer using keyword `FeatureWriter_5_4':
2022-10-21 13:50:21|   4.6|  0.0|STATS |=-=-=-=-=-=-=-=-=-=-=-=-=-=-=-=-=-=-=-=-=-=-=-=-=-=-=-=-=-=-=-=-=-=-=-=-=-=-=-
2022-10-21 13:50:21|   4.6|  0.0|STATS |                               Features Written
2022-10-21 13:50:21|   4.6|  0.0|STATS |=-=-=-=-=-=-=-=-=-=-=-=-=-=-=-=-=-=-=-=-=-=-=-=-=-=-=-=-=-=-=-=-=-=-=-=-=-=-=-
2022-10-21 13:50:21|   4.6|  0.0|STATS |BOS_I_3 3D Model Collection Issued: 20210806                                 1
2022-10-21 13:50:21|   4.6|  0.0|STATS |==============================================================================
2022-10-21 13:50:21|   4.6|  0.0|STATS |Total Features Written                                                       1
2022-10-21 13:50:21|   4.6|  0.0|STATS |=-=-=-=-=-=-=-=-=-=-=-=-=-=-=-=-=-=-=-=-=-=-=-=-=-=-=-=-=-=-=-=-=-=-=-=-=-=-=-
2022-10-21 13:50:21|   4.6|  0.0|INFORM|MULTI_WRITER: multi_writer_id `4': done writing 1 feature(s) 
2022-10-21 13:50:21|   4.6|  0.0|INFORM|^^^^^^^^^^^^^^^^^^^^^^^^^^^^^^^^^^^^^^^^^^^^^^^^^^^^^^^^^^^^^^^^^^^^^^^^^^^^^^
2022-10-21 13:50:21|   4.6|  0.0|INFORM|vvvvvvvvvvvvvvvvvvvvvvvvvvvvvvvvvvvvvvvvvvvvvvvvvvvvvvvvvvvvvvvvvvvvvvvvvvvvvv
2022-10-21 13:50:21|   4.6|  0.0|INFORM|MULTI_WRITER: multi_writer_id `5': Started outputting features
2022-10-21 13:50:21|   4.7|  0.1|INFORM|MULTI_WRITER: Output will be zipped
2022-10-21 13:50:21|   4.7|  0.0|INFORM|Creating writer for format: JSON (JavaScript Object Notation)
2022-10-21 13:50:21|   4.7|  0.0|INFORM|Trying to find a DYNAMIC plugin for writer named `JSON'
2022-10-21 13:50:21|   4.7|  0.0|INFORM|FME Configuration: No destination coordinate system set
2022-10-21 13:50:21|   4.7|  0.0|INFORM|Writer `FeatureWriter_5_5' of type `JSON' using group definition keyword `FeatureWriter_5_5_DEF'
2022-10-21 13:50:21|   4.7|  0.0|INFORM|Opening the JSON writer with destination dataset 'C:\Users\pbcote\AppData\Local\Temp\wbrun_1666354809618_19376\fmetmp_20\_auto_zip_dataset_1666374621061_412\BOS_MACTA04_info.json'
2022-10-21 13:50:21|   4.7|  0.0|INFORM|JSON writer: Splitting bulk features into individual features
2022-10-21 13:50:21|   4.7|  0.0|INFORM|FME Configuration: Destination coordinate system set to input coordinate system `_MA83F_0'
2022-10-21 13:50:21|   4.7|  0.0|INFORM|Closing the JSON writer
2022-10-21 13:50:21|   4.7|  0.0|INFORM|=-=-=-=-=-=-=-=-=-=-=-=-=-=-=-=-=-=-=-=-=-=-=-=-=-=-=-=-=-=-=-=-=-=-=-=-=-=-=-
2022-10-21 13:50:21|   4.7|  0.0|INFORM|Feature output statistics for `JSON' writer using keyword `FeatureWriter_5_5':
2022-10-21 13:50:21|   4.7|  0.0|STATS |=-=-=-=-=-=-=-=-=-=-=-=-=-=-=-=-=-=-=-=-=-=-=-=-=-=-=-=-=-=-=-=-=-=-=-=-=-=-=-
2022-10-21 13:50:21|   4.7|  0.0|STATS |                               Features Written
2022-10-21 13:50:21|   4.7|  0.0|STATS |=-=-=-=-=-=-=-=-=-=-=-=-=-=-=-=-=-=-=-=-=-=-=-=-=-=-=-=-=-=-=-=-=-=-=-=-=-=-=-
2022-10-21 13:50:21|   4.7|  0.0|STATS |BOS_I_3 3D Model Collection Issued: 20210806                                 1
2022-10-21 13:50:21|   4.7|  0.0|STATS |==============================================================================
2022-10-21 13:50:21|   4.7|  0.0|STATS |Total Features Written                                                       1
2022-10-21 13:50:21|   4.7|  0.0|STATS |=-=-=-=-=-=-=-=-=-=-=-=-=-=-=-=-=-=-=-=-=-=-=-=-=-=-=-=-=-=-=-=-=-=-=-=-=-=-=-
2022-10-21 13:50:21|   4.7|  0.0|INFORM|MULTI_WRITER: multi_writer_id `5': done writing 1 feature(s) 
2022-10-21 13:50:21|   4.7|  0.0|INFORM|^^^^^^^^^^^^^^^^^^^^^^^^^^^^^^^^^^^^^^^^^^^^^^^^^^^^^^^^^^^^^^^^^^^^^^^^^^^^^^
2022-10-21 13:50:21|   4.7|  0.0|INFORM|vvvvvvvvvvvvvvvvvvvvvvvvvvvvvvvvvvvvvvvvvvvvvvvvvvvvvvvvvvvvvvvvvvvvvvvvvvvvvv
2022-10-21 13:50:21|   4.7|  0.0|INFORM|MULTI_WRITER: multi_writer_id `6': Started outputting features
2022-10-21 13:50:21|   4.7|  0.0|INFORM|MULTI_WRITER: Output will be zipped
2022-10-21 13:50:21|   4.7|  0.0|INFORM|Creating writer for format: JSON (JavaScript Object Notation)
2022-10-21 13:50:21|   4.7|  0.0|INFORM|Trying to find a DYNAMIC plugin for writer named `JSON'
2022-10-21 13:50:21|   4.7|  0.0|INFORM|FME Configuration: No destination coordinate system set
2022-10-21 13:50:21|   4.7|  0.0|INFORM|Writer `FeatureWriter_5_6' of type `JSON' using group definition keyword `FeatureWriter_5_6_DEF'
2022-10-21 13:50:21|   4.7|  0.0|INFORM|Opening the JSON writer with destination dataset 'C:\Users\pbcote\AppData\Local\Temp\wbrun_1666354809618_19376\fmetmp_20\_auto_zip_dataset_1666374621069_412\BOS_O59F2LJ_info.json'
2022-10-21 13:50:21|   4.7|  0.0|INFORM|JSON writer: Splitting bulk features into individual features
2022-10-21 13:50:21|   4.7|  0.0|INFORM|FME Configuration: Destination coordinate system set to input coordinate system `_MA83F_0'
2022-10-21 13:50:21|   4.7|  0.0|INFORM|Closing the JSON writer
2022-10-21 13:50:21|   4.7|  0.0|INFORM|=-=-=-=-=-=-=-=-=-=-=-=-=-=-=-=-=-=-=-=-=-=-=-=-=-=-=-=-=-=-=-=-=-=-=-=-=-=-=-
2022-10-21 13:50:21|   4.7|  0.0|INFORM|Feature output statistics for `JSON' writer using keyword `FeatureWriter_5_6':
2022-10-21 13:50:21|   4.7|  0.0|STATS |=-=-=-=-=-=-=-=-=-=-=-=-=-=-=-=-=-=-=-=-=-=-=-=-=-=-=-=-=-=-=-=-=-=-=-=-=-=-=-
2022-10-21 13:50:21|   4.7|  0.0|STATS |                               Features Written
2022-10-21 13:50:21|   4.7|  0.0|STATS |=-=-=-=-=-=-=-=-=-=-=-=-=-=-=-=-=-=-=-=-=-=-=-=-=-=-=-=-=-=-=-=-=-=-=-=-=-=-=-
2022-10-21 13:50:21|   4.7|  0.0|STATS |BOS_I_3 3D Model Collection Issued: 20210806                                 1
2022-10-21 13:50:21|   4.7|  0.0|STATS |==============================================================================
2022-10-21 13:50:21|   4.7|  0.0|STATS |Total Features Written                                                       1
2022-10-21 13:50:21|   4.7|  0.0|STATS |=-=-=-=-=-=-=-=-=-=-=-=-=-=-=-=-=-=-=-=-=-=-=-=-=-=-=-=-=-=-=-=-=-=-=-=-=-=-=-
2022-10-21 13:50:21|   4.7|  0.0|INFORM|MULTI_WRITER: multi_writer_id `6': done writing 1 feature(s) 
2022-10-21 13:50:21|   4.7|  0.0|INFORM|^^^^^^^^^^^^^^^^^^^^^^^^^^^^^^^^^^^^^^^^^^^^^^^^^^^^^^^^^^^^^^^^^^^^^^^^^^^^^^
2022-10-21 13:50:21|   4.7|  0.0|INFORM|vvvvvvvvvvvvvvvvvvvvvvvvvvvvvvvvvvvvvvvvvvvvvvvvvvvvvvvvvvvvvvvvvvvvvvvvvvvvvv
2022-10-21 13:50:21|   4.7|  0.0|INFORM|MULTI_WRITER: multi_writer_id `7': Started outputting features
2022-10-21 13:50:21|   4.7|  0.0|INFORM|MULTI_WRITER: Output will be zipped
2022-10-21 13:50:21|   4.7|  0.0|INFORM|Creating writer for format: JSON (JavaScript Object Notation)
2022-10-21 13:50:21|   4.7|  0.0|INFORM|Trying to find a DYNAMIC plugin for writer named `JSON'
2022-10-21 13:50:21|   4.7|  0.0|INFORM|FME Configuration: No destination coordinate system set
2022-10-21 13:50:21|   4.7|  0.0|INFORM|Writer `FeatureWriter_5_7' of type `JSON' using group definition keyword `FeatureWriter_5_7_DEF'
2022-10-21 13:50:21|   4.7|  0.0|INFORM|Opening the JSON writer with destination dataset 'C:\Users\pbcote\AppData\Local\Temp\wbrun_1666354809618_19376\fmetmp_20\_auto_zip_dataset_1666374621077_412\BOS_WP8MCKJ_info.json'
2022-10-21 13:50:21|   4.7|  0.0|INFORM|JSON writer: Splitting bulk features into individual features
2022-10-21 13:50:21|   4.7|  0.0|INFORM|FME Configuration: Destination coordinate system set to input coordinate system `_MA83F_0'
2022-10-21 13:50:21|   4.7|  0.0|INFORM|Closing the JSON writer
2022-10-21 13:50:21|   4.7|  0.0|INFORM|=-=-=-=-=-=-=-=-=-=-=-=-=-=-=-=-=-=-=-=-=-=-=-=-=-=-=-=-=-=-=-=-=-=-=-=-=-=-=-
2022-10-21 13:50:21|   4.7|  0.0|INFORM|Feature output statistics for `JSON' writer using keyword `FeatureWriter_5_7':
2022-10-21 13:50:21|   4.7|  0.0|STATS |=-=-=-=-=-=-=-=-=-=-=-=-=-=-=-=-=-=-=-=-=-=-=-=-=-=-=-=-=-=-=-=-=-=-=-=-=-=-=-
2022-10-21 13:50:21|   4.7|  0.0|STATS |                               Features Written
2022-10-21 13:50:21|   4.7|  0.0|STATS |=-=-=-=-=-=-=-=-=-=-=-=-=-=-=-=-=-=-=-=-=-=-=-=-=-=-=-=-=-=-=-=-=-=-=-=-=-=-=-
2022-10-21 13:50:21|   4.7|  0.0|STATS |BOS_I_3 3D Model Collection Issued: 20210806                                 1
2022-10-21 13:50:21|   4.7|  0.0|STATS |==============================================================================
2022-10-21 13:50:21|   4.7|  0.0|STATS |Total Features Written                                                       1
2022-10-21 13:50:21|   4.7|  0.0|STATS |=-=-=-=-=-=-=-=-=-=-=-=-=-=-=-=-=-=-=-=-=-=-=-=-=-=-=-=-=-=-=-=-=-=-=-=-=-=-=-
2022-10-21 13:50:21|   4.7|  0.0|INFORM|MULTI_WRITER: multi_writer_id `7': done writing 1 feature(s) 
2022-10-21 13:50:21|   4.7|  0.0|INFORM|^^^^^^^^^^^^^^^^^^^^^^^^^^^^^^^^^^^^^^^^^^^^^^^^^^^^^^^^^^^^^^^^^^^^^^^^^^^^^^
2022-10-21 13:50:21|   4.7|  0.0|INFORM|vvvvvvvvvvvvvvvvvvvvvvvvvvvvvvvvvvvvvvvvvvvvvvvvvvvvvvvvvvvvvvvvvvvvvvvvvvvvvv
2022-10-21 13:50:21|   4.7|  0.0|INFORM|MULTI_WRITER: multi_writer_id `8': Started outputting features
2022-10-21 13:50:21|   4.7|  0.0|INFORM|MULTI_WRITER: Output will be zipped
2022-10-21 13:50:21|   4.7|  0.0|INFORM|Creating writer for format: JSON (JavaScript Object Notation)
2022-10-21 13:50:21|   4.7|  0.0|INFORM|Trying to find a DYNAMIC plugin for writer named `JSON'
2022-10-21 13:50:21|   4.7|  0.0|INFORM|FME Configuration: No destination coordinate system set
2022-10-21 13:50:21|   4.7|  0.0|INFORM|Writer `FeatureWriter_5_8' of type `JSON' using group definition keyword `FeatureWriter_5_8_DEF'
2022-10-21 13:50:21|   4.7|  0.0|INFORM|Opening the JSON writer with destination dataset 'C:\Users\pbcote\AppData\Local\Temp\wbrun_1666354809618_19376\fmetmp_20\_auto_zip_dataset_1666374621084_412\BOS_YVS1EGJ_info.json'
2022-10-21 13:50:21|   4.7|  0.0|INFORM|JSON writer: Splitting bulk features into individual features
2022-10-21 13:50:21|   4.7|  0.0|INFORM|FME Configuration: Destination coordinate system set to input coordinate system `_MA83F_0'
2022-10-21 13:50:21|   4.7|  0.0|INFORM|Closing the JSON writer
2022-10-21 13:50:21|   4.7|  0.0|INFORM|=-=-=-=-=-=-=-=-=-=-=-=-=-=-=-=-=-=-=-=-=-=-=-=-=-=-=-=-=-=-=-=-=-=-=-=-=-=-=-
2022-10-21 13:50:21|   4.7|  0.0|INFORM|Feature output statistics for `JSON' writer using keyword `FeatureWriter_5_8':
2022-10-21 13:50:21|   4.7|  0.0|STATS |=-=-=-=-=-=-=-=-=-=-=-=-=-=-=-=-=-=-=-=-=-=-=-=-=-=-=-=-=-=-=-=-=-=-=-=-=-=-=-
2022-10-21 13:50:21|   4.7|  0.0|STATS |                               Features Written
2022-10-21 13:50:21|   4.7|  0.0|STATS |=-=-=-=-=-=-=-=-=-=-=-=-=-=-=-=-=-=-=-=-=-=-=-=-=-=-=-=-=-=-=-=-=-=-=-=-=-=-=-
2022-10-21 13:50:21|   4.7|  0.0|STATS |BOS_I_3 3D Model Collection Issued: 20210806                                 1
2022-10-21 13:50:21|   4.7|  0.0|STATS |==============================================================================
2022-10-21 13:50:21|   4.7|  0.0|STATS |Total Features Written                                                       1
2022-10-21 13:50:21|   4.7|  0.0|STATS |=-=-=-=-=-=-=-=-=-=-=-=-=-=-=-=-=-=-=-=-=-=-=-=-=-=-=-=-=-=-=-=-=-=-=-=-=-=-=-
2022-10-21 13:50:21|   4.7|  0.0|INFORM|MULTI_WRITER: multi_writer_id `8': done writing 1 feature(s) 
2022-10-21 13:50:21|   4.7|  0.0|INFORM|^^^^^^^^^^^^^^^^^^^^^^^^^^^^^^^^^^^^^^^^^^^^^^^^^^^^^^^^^^^^^^^^^^^^^^^^^^^^^^
2022-10-21 13:50:21|   4.7|  0.0|INFORM|vvvvvvvvvvvvvvvvvvvvvvvvvvvvvvvvvvvvvvvvvvvvvvvvvvvvvvvvvvvvvvvvvvvvvvvvvvvvvv
2022-10-21 13:50:21|   4.7|  0.0|INFORM|MULTI_WRITER: multi_writer_id `9': Started outputting features
2022-10-21 13:50:21|   4.7|  0.0|INFORM|MULTI_WRITER: Output will be zipped
2022-10-21 13:50:21|   4.7|  0.0|INFORM|Creating writer for format: JSON (JavaScript Object Notation)
2022-10-21 13:50:21|   4.7|  0.0|INFORM|Trying to find a DYNAMIC plugin for writer named `JSON'
2022-10-21 13:50:21|   4.7|  0.0|INFORM|FME Configuration: No destination coordinate system set
2022-10-21 13:50:21|   4.7|  0.0|INFORM|Writer `FeatureWriter_5_9' of type `JSON' using group definition keyword `FeatureWriter_5_9_DEF'
2022-10-21 13:50:21|   4.7|  0.0|INFORM|Opening the JSON writer with destination dataset 'C:\Users\pbcote\AppData\Local\Temp\wbrun_1666354809618_19376\fmetmp_20\_auto_zip_dataset_1666374621091_412\BOS_8PMN4OP_info.json'
2022-10-21 13:50:21|   4.7|  0.0|INFORM|JSON writer: Splitting bulk features into individual features
2022-10-21 13:50:21|   4.7|  0.0|INFORM|FME Configuration: Destination coordinate system set to input coordinate system `_MA83F_0'
2022-10-21 13:50:21|   4.7|  0.0|INFORM|Closing the JSON writer
2022-10-21 13:50:21|   4.7|  0.0|INFORM|=-=-=-=-=-=-=-=-=-=-=-=-=-=-=-=-=-=-=-=-=-=-=-=-=-=-=-=-=-=-=-=-=-=-=-=-=-=-=-
2022-10-21 13:50:21|   4.7|  0.0|INFORM|Feature output statistics for `JSON' writer using keyword `FeatureWriter_5_9':
2022-10-21 13:50:21|   4.7|  0.0|STATS |=-=-=-=-=-=-=-=-=-=-=-=-=-=-=-=-=-=-=-=-=-=-=-=-=-=-=-=-=-=-=-=-=-=-=-=-=-=-=-
2022-10-21 13:50:21|   4.7|  0.0|STATS |                               Features Written
2022-10-21 13:50:21|   4.7|  0.0|STATS |=-=-=-=-=-=-=-=-=-=-=-=-=-=-=-=-=-=-=-=-=-=-=-=-=-=-=-=-=-=-=-=-=-=-=-=-=-=-=-
2022-10-21 13:50:21|   4.7|  0.0|STATS |BOS_I_3 3D Model Collection Issued: 20210806                                 1
2022-10-21 13:50:21|   4.7|  0.0|STATS |==============================================================================
2022-10-21 13:50:21|   4.7|  0.0|STATS |Total Features Written                                                       1
2022-10-21 13:50:21|   4.7|  0.0|STATS |=-=-=-=-=-=-=-=-=-=-=-=-=-=-=-=-=-=-=-=-=-=-=-=-=-=-=-=-=-=-=-=-=-=-=-=-=-=-=-
2022-10-21 13:50:21|   4.7|  0.0|INFORM|MULTI_WRITER: multi_writer_id `9': done writing 1 feature(s) 
2022-10-21 13:50:21|   4.7|  0.0|INFORM|^^^^^^^^^^^^^^^^^^^^^^^^^^^^^^^^^^^^^^^^^^^^^^^^^^^^^^^^^^^^^^^^^^^^^^^^^^^^^^
2022-10-21 13:50:21|   4.7|  0.0|INFORM|MULTI_WRITER: multi_writer_id `FeatureWriter_5_5': Zipping contents of temporary dataset `C:\Users\pbcote\AppData\Local\Temp\wbrun_1666354809618_19376\fmetmp_20\_auto_zip_dataset_1666374621061_412' into output zip file `S:\trash\fme\library\BOS_MACTA04_OBJ.zip'
2022-10-21 13:50:21|   4.7|  0.0|INFORM|MULTI_WRITER: multi_writer_id `FeatureWriter_5_5': Finished updating output zip file `S:\trash\fme\library\BOS_MACTA04_OBJ.zip'
2022-10-21 13:50:21|   4.7|  0.0|INFORM|MULTI_WRITER: multi_writer_id `FeatureWriter_5_2': Zipping contents of temporary dataset `C:\Users\pbcote\AppData\Local\Temp\wbrun_1666354809618_19376\fmetmp_20\_auto_zip_dataset_1666374621027_412' into output zip file `S:\trash\fme\library\BOS_3L1UF4X_OBJ.zip'
2022-10-21 13:50:21|   4.7|  0.0|INFORM|MULTI_WRITER: multi_writer_id `FeatureWriter_5_2': Finished updating output zip file `S:\trash\fme\library\BOS_3L1UF4X_OBJ.zip'
2022-10-21 13:50:21|   4.7|  0.0|INFORM|MULTI_WRITER: multi_writer_id `FeatureWriter_5_1': Zipping contents of temporary dataset `C:\Users\pbcote\AppData\Local\Temp\wbrun_1666354809618_19376\fmetmp_20\_auto_zip_dataset_1666374621014_412' into output zip file `S:\trash\fme\library\BOS_X6QU21Z_OBJ.zip'
2022-10-21 13:50:21|   4.7|  0.0|INFORM|MULTI_WRITER: multi_writer_id `FeatureWriter_5_1': Finished updating output zip file `S:\trash\fme\library\BOS_X6QU21Z_OBJ.zip'
2022-10-21 13:50:21|   4.7|  0.0|INFORM|MULTI_WRITER: multi_writer_id `FeatureWriter_5_3': Zipping contents of temporary dataset `C:\Users\pbcote\AppData\Local\Temp\wbrun_1666354809618_19376\fmetmp_20\_auto_zip_dataset_1666374621039_412' into output zip file `S:\trash\fme\library\BOS_4AFSJYW_OBJ.zip'
2022-10-21 13:50:21|   4.7|  0.0|INFORM|MULTI_WRITER: multi_writer_id `FeatureWriter_5_3': Finished updating output zip file `S:\trash\fme\library\BOS_4AFSJYW_OBJ.zip'
2022-10-21 13:50:21|   4.7|  0.0|INFORM|MULTI_WRITER: multi_writer_id `FeatureWriter_5_4': Zipping contents of temporary dataset `C:\Users\pbcote\AppData\Local\Temp\wbrun_1666354809618_19376\fmetmp_20\_auto_zip_dataset_1666374621052_412' into output zip file `S:\trash\fme\library\BOS_4PH1YDJ_OBJ.zip'
2022-10-21 13:50:21|   4.7|  0.0|INFORM|MULTI_WRITER: multi_writer_id `FeatureWriter_5_4': Finished updating output zip file `S:\trash\fme\library\BOS_4PH1YDJ_OBJ.zip'
2022-10-21 13:50:21|   4.7|  0.0|INFORM|MULTI_WRITER: multi_writer_id `FeatureWriter_5_6': Zipping contents of temporary dataset `C:\Users\pbcote\AppData\Local\Temp\wbrun_1666354809618_19376\fmetmp_20\_auto_zip_dataset_1666374621069_412' into output zip file `S:\trash\fme\library\BOS_O59F2LJ_OBJ.zip'
2022-10-21 13:50:21|   4.7|  0.0|INFORM|MULTI_WRITER: multi_writer_id `FeatureWriter_5_6': Finished updating output zip file `S:\trash\fme\library\BOS_O59F2LJ_OBJ.zip'
2022-10-21 13:50:21|   4.7|  0.0|INFORM|MULTI_WRITER: multi_writer_id `FeatureWriter_5_8': Zipping contents of temporary dataset `C:\Users\pbcote\AppData\Local\Temp\wbrun_1666354809618_19376\fmetmp_20\_auto_zip_dataset_1666374621084_412' into output zip file `S:\trash\fme\library\BOS_YVS1EGJ_OBJ.zip'
2022-10-21 13:50:21|   4.7|  0.0|INFORM|MULTI_WRITER: multi_writer_id `FeatureWriter_5_8': Finished updating output zip file `S:\trash\fme\library\BOS_YVS1EGJ_OBJ.zip'
2022-10-21 13:50:21|   4.7|  0.0|INFORM|MULTI_WRITER: multi_writer_id `FeatureWriter_5_9': Zipping contents of temporary dataset `C:\Users\pbcote\AppData\Local\Temp\wbrun_1666354809618_19376\fmetmp_20\_auto_zip_dataset_1666374621091_412' into output zip file `S:\trash\fme\library\BOS_8PMN4OP_OBJ.zip'
2022-10-21 13:50:21|   4.7|  0.0|INFORM|MULTI_WRITER: multi_writer_id `FeatureWriter_5_9': Finished updating output zip file `S:\trash\fme\library\BOS_8PMN4OP_OBJ.zip'
2022-10-21 13:50:21|   4.7|  0.0|INFORM|MULTI_WRITER: multi_writer_id `FeatureWriter_5_0': Zipping contents of temporary dataset `C:\Users\pbcote\AppData\Local\Temp\wbrun_1666354809618_19376\fmetmp_20\_auto_zip_dataset_1666374618335_412' into output zip file `S:\trash\fme\library\BOS_KAQQ4J8_OBJ.zip'
2022-10-21 13:50:21|   4.7|  0.0|INFORM|MULTI_WRITER: multi_writer_id `FeatureWriter_5_0': Finished updating output zip file `S:\trash\fme\library\BOS_KAQQ4J8_OBJ.zip'
2022-10-21 13:50:21|   4.7|  0.0|INFORM|MULTI_WRITER: multi_writer_id `FeatureWriter_5_7': Zipping contents of temporary dataset `C:\Users\pbcote\AppData\Local\Temp\wbrun_1666354809618_19376\fmetmp_20\_auto_zip_dataset_1666374621077_412' into output zip file `S:\trash\fme\library\BOS_WP8MCKJ_OBJ.zip'
2022-10-21 13:50:21|   4.7|  0.0|INFORM|MULTI_WRITER: multi_writer_id `FeatureWriter_5_7': Finished updating output zip file `S:\trash\fme\library\BOS_WP8MCKJ_OBJ.zip'
2022-10-21 13:50:21|   4.7|  0.0|STATS |Destination Feature Type Routing Correlator (RoutingFactory): Tested 5 input feature(s), wrote 5 output feature(s): 0 matched merge filters, 5 were routed to output, 0 could not be routed.
2022-10-21 13:50:21|   4.7|  0.0|STATS |Final Output Nuker (TeeFactory): Cloned 0 input feature(s) into 0 output feature(s)
2022-10-21 13:50:21|   4.7|  0.0|INFORM|OBJ Writer: Material Library File: 'C:\Users\pbcote\AppData\Local\Temp\wbrun_1666354809618_19376\fmetmp_20\_auto_zip_dataset_1666374620926_412\materials.mtl'
2022-10-21 13:50:21|   4.7|  0.0|INFORM|OBJ Writer: Closing File Writer
2022-10-21 13:50:21|   4.7|  0.0|INFORM|=-=-=-=-=-=-=-=-=-=-=-=-=-=-=-=-=-=-=-=-=-=-=-=-=-=-=-=-=-=-=-=-=-=-=-=-=-=-=-
2022-10-21 13:50:21|   4.7|  0.0|INFORM|Feature output statistics for `OBJ' writer using keyword `OBJ_1':
2022-10-21 13:50:21|   4.7|  0.0|STATS |=-=-=-=-=-=-=-=-=-=-=-=-=-=-=-=-=-=-=-=-=-=-=-=-=-=-=-=-=-=-=-=-=-=-=-=-=-=-=-
2022-10-21 13:50:21|   4.7|  0.0|STATS |                               Features Written
2022-10-21 13:50:21|   4.7|  0.0|STATS |=-=-=-=-=-=-=-=-=-=-=-=-=-=-=-=-=-=-=-=-=-=-=-=-=-=-=-=-=-=-=-=-=-=-=-=-=-=-=-
2022-10-21 13:50:21|   4.7|  0.0|STATS |BOS_KAQQ4J8                                                                  1
2022-10-21 13:50:21|   4.7|  0.0|STATS |==============================================================================
2022-10-21 13:50:21|   4.7|  0.0|STATS |Total Features Written                                                       1
2022-10-21 13:50:21|   4.7|  0.0|STATS |=-=-=-=-=-=-=-=-=-=-=-=-=-=-=-=-=-=-=-=-=-=-=-=-=-=-=-=-=-=-=-=-=-=-=-=-=-=-=-
2022-10-21 13:50:21|   4.7|  0.0|INFORM|MULTI_WRITER: multi_writer_id `\BOS_4AFSJYW_OBJ.zip': Started outputting features
2022-10-21 13:50:21|   4.7|  0.0|INFORM|MULTI_WRITER: Output will be zipped
2022-10-21 13:50:21|   4.7|  0.0|INFORM|Creating writer for format: OBJ
2022-10-21 13:50:21|   4.7|  0.0|INFORM|Trying to find a DYNAMIC plugin for writer named `OBJ'
2022-10-21 13:50:21|   4.7|  0.0|INFORM|FME Configuration: No destination coordinate system set
2022-10-21 13:50:21|   4.7|  0.0|INFORM|Writer `OBJ_1' of type `OBJ' using group definition keyword `OBJ_1_DEF'
2022-10-21 13:50:21|   4.7|  0.0|INFORM|OBJ Writer: Opening File Writer on dataset: 'C:\Users\pbcote\AppData\Local\Temp\wbrun_1666354809618_19376\fmetmp_20\_auto_zip_dataset_1666374621227_412'
2022-10-21 13:50:21|   4.7|  0.0|INFORM|OBJ Writer: Reverse Face Order: 'No'
2022-10-21 13:50:21|   4.7|  0.0|INFORM|OBJ Writer: Triangulate Faces: 'Yes'
2022-10-21 13:50:21|   4.7|  0.0|INFORM|OBJ Writer: Write Points and Lines: 'No'
2022-10-21 13:50:21|   4.7|  0.0|INFORM|OBJ Writer: Write FME Version to OBJ file: 'Yes'
2022-10-21 13:50:21|   4.7|  0.0|INFORM|OBJ Writer: Write Mesh Vertex Colors: 'Yes'
2022-10-21 13:50:21|   4.7|  0.0|INFORM|OBJ Writer: Write Texture List File: 'No'
2022-10-21 13:50:21|   4.7|  0.0|INFORM|OBJ Writer: Fix Names: 'Yes'
2022-10-21 13:50:21|   4.7|  0.0|INFORM|OBJ Writer: File per Feature: 'No'
2022-10-21 13:50:21|   4.7|  0.0|INFORM|FME Configuration: Destination coordinate system set to input coordinate system `_MA83F_0'
2022-10-21 13:50:21|   4.7|  0.0|WARN  |OBJ Writer: Unknown geometry type 'IFMENull' is not supported, the feature will not be written
2022-10-21 13:50:21|   4.7|  0.0|WARN  |OBJ Writer: Unknown geometry type 'IFMENull' is not supported, the feature will not be written
2022-10-21 13:50:21|   4.7|  0.0|INFORM|ResourceManager: Optimizing Memory Usage.  Please wait...
2022-10-21 13:50:21|   4.7|  0.0|INFORM|OBJ Writer: Material Library File: 'C:\Users\pbcote\AppData\Local\Temp\wbrun_1666354809618_19376\fmetmp_20\_auto_zip_dataset_1666374621227_412\materials.mtl'
2022-10-21 13:50:21|   4.7|  0.0|INFORM|OBJ Writer: Closing File Writer
2022-10-21 13:50:21|   4.7|  0.0|INFORM|=-=-=-=-=-=-=-=-=-=-=-=-=-=-=-=-=-=-=-=-=-=-=-=-=-=-=-=-=-=-=-=-=-=-=-=-=-=-=-
2022-10-21 13:50:21|   4.7|  0.0|INFORM|Feature output statistics for `OBJ' writer using keyword `OBJ_1':
2022-10-21 13:50:21|   4.7|  0.0|STATS |=-=-=-=-=-=-=-=-=-=-=-=-=-=-=-=-=-=-=-=-=-=-=-=-=-=-=-=-=-=-=-=-=-=-=-=-=-=-=-
2022-10-21 13:50:21|   4.7|  0.0|STATS |                               Features Written
2022-10-21 13:50:21|   4.7|  0.0|STATS |=-=-=-=-=-=-=-=-=-=-=-=-=-=-=-=-=-=-=-=-=-=-=-=-=-=-=-=-=-=-=-=-=-=-=-=-=-=-=-
2022-10-21 13:50:21|   4.7|  0.0|STATS |BOS_4AFSJYW                                                                  1
2022-10-21 13:50:21|   4.7|  0.0|STATS |==============================================================================
2022-10-21 13:50:21|   4.7|  0.0|STATS |Total Features Written                                                       1
2022-10-21 13:50:21|   4.7|  0.0|STATS |=-=-=-=-=-=-=-=-=-=-=-=-=-=-=-=-=-=-=-=-=-=-=-=-=-=-=-=-=-=-=-=-=-=-=-=-=-=-=-
2022-10-21 13:50:21|   4.7|  0.0|INFORM|MULTI_WRITER: multi_writer_id `\BOS_4AFSJYW_OBJ.zip': done writing 1 feature(s) 
2022-10-21 13:50:21|   4.7|  0.0|INFORM|^^^^^^^^^^^^^^^^^^^^^^^^^^^^^^^^^^^^^^^^^^^^^^^^^^^^^^^^^^^^^^^^^^^^^^^^^^^^^^
2022-10-21 13:50:21|   4.7|  0.0|INFORM|MULTI_WRITER: multi_writer_id `\BOS_4PH1YDJ_OBJ.zip': Started outputting features
2022-10-21 13:50:21|   4.7|  0.0|INFORM|MULTI_WRITER: Output will be zipped
2022-10-21 13:50:21|   4.7|  0.0|INFORM|Creating writer for format: OBJ
2022-10-21 13:50:21|   4.7|  0.0|INFORM|Trying to find a DYNAMIC plugin for writer named `OBJ'
2022-10-21 13:50:21|   4.7|  0.0|INFORM|FME Configuration: No destination coordinate system set
2022-10-21 13:50:21|   4.7|  0.0|INFORM|Writer `OBJ_1' of type `OBJ' using group definition keyword `OBJ_1_DEF'
2022-10-21 13:50:21|   4.7|  0.0|INFORM|OBJ Writer: Opening File Writer on dataset: 'C:\Users\pbcote\AppData\Local\Temp\wbrun_1666354809618_19376\fmetmp_20\_auto_zip_dataset_1666374621265_412'
2022-10-21 13:50:21|   4.7|  0.0|INFORM|OBJ Writer: Reverse Face Order: 'No'
2022-10-21 13:50:21|   4.7|  0.0|INFORM|OBJ Writer: Triangulate Faces: 'Yes'
2022-10-21 13:50:21|   4.7|  0.0|INFORM|OBJ Writer: Write Points and Lines: 'No'
2022-10-21 13:50:21|   4.7|  0.0|INFORM|OBJ Writer: Write FME Version to OBJ file: 'Yes'
2022-10-21 13:50:21|   4.7|  0.0|INFORM|OBJ Writer: Write Mesh Vertex Colors: 'Yes'
2022-10-21 13:50:21|   4.7|  0.0|INFORM|OBJ Writer: Write Texture List File: 'No'
2022-10-21 13:50:21|   4.7|  0.0|INFORM|OBJ Writer: Fix Names: 'Yes'
2022-10-21 13:50:21|   4.7|  0.0|INFORM|OBJ Writer: File per Feature: 'No'
2022-10-21 13:50:21|   4.7|  0.0|INFORM|FME Configuration: Destination coordinate system set to input coordinate system `_MA83F_0'
2022-10-21 13:50:21|   4.7|  0.0|WARN  |OBJ Writer: Unknown geometry type 'IFMENull' is not supported, the feature will not be written
2022-10-21 13:50:21|   4.8|  0.1|WARN  |OBJ Writer: Unknown geometry type 'IFMENull' is not supported, the feature will not be written
2022-10-21 13:50:21|   4.8|  0.0|INFORM|OBJ Writer: Material Library File: 'C:\Users\pbcote\AppData\Local\Temp\wbrun_1666354809618_19376\fmetmp_20\_auto_zip_dataset_1666374621265_412\materials.mtl'
2022-10-21 13:50:21|   4.8|  0.0|INFORM|OBJ Writer: Closing File Writer
2022-10-21 13:50:21|   4.8|  0.0|INFORM|=-=-=-=-=-=-=-=-=-=-=-=-=-=-=-=-=-=-=-=-=-=-=-=-=-=-=-=-=-=-=-=-=-=-=-=-=-=-=-
2022-10-21 13:50:21|   4.8|  0.0|INFORM|Feature output statistics for `OBJ' writer using keyword `OBJ_1':
2022-10-21 13:50:21|   4.8|  0.0|STATS |=-=-=-=-=-=-=-=-=-=-=-=-=-=-=-=-=-=-=-=-=-=-=-=-=-=-=-=-=-=-=-=-=-=-=-=-=-=-=-
2022-10-21 13:50:21|   4.8|  0.0|STATS |                               Features Written
2022-10-21 13:50:21|   4.8|  0.0|STATS |=-=-=-=-=-=-=-=-=-=-=-=-=-=-=-=-=-=-=-=-=-=-=-=-=-=-=-=-=-=-=-=-=-=-=-=-=-=-=-
2022-10-21 13:50:21|   4.8|  0.0|STATS |BOS_4PH1YDJ                                                                  1
2022-10-21 13:50:21|   4.8|  0.0|STATS |==============================================================================
2022-10-21 13:50:21|   4.8|  0.0|STATS |Total Features Written                                                       1
2022-10-21 13:50:21|   4.8|  0.0|STATS |=-=-=-=-=-=-=-=-=-=-=-=-=-=-=-=-=-=-=-=-=-=-=-=-=-=-=-=-=-=-=-=-=-=-=-=-=-=-=-
2022-10-21 13:50:21|   4.8|  0.0|INFORM|MULTI_WRITER: multi_writer_id `\BOS_4PH1YDJ_OBJ.zip': done writing 1 feature(s) 
2022-10-21 13:50:21|   4.8|  0.0|INFORM|^^^^^^^^^^^^^^^^^^^^^^^^^^^^^^^^^^^^^^^^^^^^^^^^^^^^^^^^^^^^^^^^^^^^^^^^^^^^^^
2022-10-21 13:50:21|   4.8|  0.0|INFORM|MULTI_WRITER: multi_writer_id `\BOS_3L1UF4X_OBJ.zip': Started outputting features
2022-10-21 13:50:21|   4.8|  0.0|INFORM|MULTI_WRITER: Output will be zipped
2022-10-21 13:50:21|   4.8|  0.0|INFORM|Creating writer for format: OBJ
2022-10-21 13:50:21|   4.8|  0.0|INFORM|Trying to find a DYNAMIC plugin for writer named `OBJ'
2022-10-21 13:50:21|   4.8|  0.0|INFORM|FME Configuration: No destination coordinate system set
2022-10-21 13:50:21|   4.8|  0.0|INFORM|Writer `OBJ_1' of type `OBJ' using group definition keyword `OBJ_1_DEF'
2022-10-21 13:50:21|   4.8|  0.0|INFORM|OBJ Writer: Opening File Writer on dataset: 'C:\Users\pbcote\AppData\Local\Temp\wbrun_1666354809618_19376\fmetmp_20\_auto_zip_dataset_1666374621312_412'
2022-10-21 13:50:21|   4.8|  0.0|INFORM|OBJ Writer: Reverse Face Order: 'No'
2022-10-21 13:50:21|   4.8|  0.0|INFORM|OBJ Writer: Triangulate Faces: 'Yes'
2022-10-21 13:50:21|   4.8|  0.0|INFORM|OBJ Writer: Write Points and Lines: 'No'
2022-10-21 13:50:21|   4.8|  0.0|INFORM|OBJ Writer: Write FME Version to OBJ file: 'Yes'
2022-10-21 13:50:21|   4.8|  0.0|INFORM|OBJ Writer: Write Mesh Vertex Colors: 'Yes'
2022-10-21 13:50:21|   4.8|  0.0|INFORM|OBJ Writer: Write Texture List File: 'No'
2022-10-21 13:50:21|   4.8|  0.0|INFORM|OBJ Writer: Fix Names: 'Yes'
2022-10-21 13:50:21|   4.8|  0.0|INFORM|OBJ Writer: File per Feature: 'No'
2022-10-21 13:50:21|   4.8|  0.0|INFORM|FME Configuration: Destination coordinate system set to input coordinate system `_MA83F_0'
2022-10-21 13:50:21|   4.8|  0.0|WARN  |OBJ Writer: Unknown geometry type 'IFMENull' is not supported, the feature will not be written
2022-10-21 13:50:21|   4.8|  0.0|WARN  |OBJ Writer: Unknown geometry type 'IFMENull' is not supported, the feature will not be written
2022-10-21 13:50:21|   4.8|  0.0|INFORM|OBJ Writer: Material Library File: 'C:\Users\pbcote\AppData\Local\Temp\wbrun_1666354809618_19376\fmetmp_20\_auto_zip_dataset_1666374621312_412\materials.mtl'
2022-10-21 13:50:21|   4.8|  0.0|INFORM|OBJ Writer: Closing File Writer
2022-10-21 13:50:21|   4.8|  0.0|INFORM|=-=-=-=-=-=-=-=-=-=-=-=-=-=-=-=-=-=-=-=-=-=-=-=-=-=-=-=-=-=-=-=-=-=-=-=-=-=-=-
2022-10-21 13:50:21|   4.8|  0.0|INFORM|Feature output statistics for `OBJ' writer using keyword `OBJ_1':
2022-10-21 13:50:21|   4.8|  0.0|STATS |=-=-=-=-=-=-=-=-=-=-=-=-=-=-=-=-=-=-=-=-=-=-=-=-=-=-=-=-=-=-=-=-=-=-=-=-=-=-=-
2022-10-21 13:50:21|   4.8|  0.0|STATS |                               Features Written
2022-10-21 13:50:21|   4.8|  0.0|STATS |=-=-=-=-=-=-=-=-=-=-=-=-=-=-=-=-=-=-=-=-=-=-=-=-=-=-=-=-=-=-=-=-=-=-=-=-=-=-=-
2022-10-21 13:50:21|   4.8|  0.0|STATS |BOS_3L1UF4X                                                                  1
2022-10-21 13:50:21|   4.8|  0.0|STATS |==============================================================================
2022-10-21 13:50:21|   4.8|  0.0|STATS |Total Features Written                                                       1
2022-10-21 13:50:21|   4.8|  0.0|STATS |=-=-=-=-=-=-=-=-=-=-=-=-=-=-=-=-=-=-=-=-=-=-=-=-=-=-=-=-=-=-=-=-=-=-=-=-=-=-=-
2022-10-21 13:50:21|   4.8|  0.0|INFORM|MULTI_WRITER: multi_writer_id `\BOS_3L1UF4X_OBJ.zip': done writing 1 feature(s) 
2022-10-21 13:50:21|   4.8|  0.0|INFORM|^^^^^^^^^^^^^^^^^^^^^^^^^^^^^^^^^^^^^^^^^^^^^^^^^^^^^^^^^^^^^^^^^^^^^^^^^^^^^^
2022-10-21 13:50:21|   4.8|  0.0|INFORM|MULTI_WRITER: multi_writer_id `\BOS_X6QU21Z_OBJ.zip': Started outputting features
2022-10-21 13:50:21|   4.8|  0.0|INFORM|MULTI_WRITER: Output will be zipped
2022-10-21 13:50:21|   4.8|  0.0|INFORM|Creating writer for format: OBJ
2022-10-21 13:50:21|   4.8|  0.0|INFORM|Trying to find a DYNAMIC plugin for writer named `OBJ'
2022-10-21 13:50:21|   4.8|  0.0|INFORM|FME Configuration: No destination coordinate system set
2022-10-21 13:50:21|   4.8|  0.0|INFORM|Writer `OBJ_1' of type `OBJ' using group definition keyword `OBJ_1_DEF'
2022-10-21 13:50:21|   4.8|  0.0|INFORM|OBJ Writer: Opening File Writer on dataset: 'C:\Users\pbcote\AppData\Local\Temp\wbrun_1666354809618_19376\fmetmp_20\_auto_zip_dataset_1666374621337_412'
2022-10-21 13:50:21|   4.8|  0.0|INFORM|OBJ Writer: Reverse Face Order: 'No'
2022-10-21 13:50:21|   4.8|  0.0|INFORM|OBJ Writer: Triangulate Faces: 'Yes'
2022-10-21 13:50:21|   4.8|  0.0|INFORM|OBJ Writer: Write Points and Lines: 'No'
2022-10-21 13:50:21|   4.8|  0.0|INFORM|OBJ Writer: Write FME Version to OBJ file: 'Yes'
2022-10-21 13:50:21|   4.8|  0.0|INFORM|OBJ Writer: Write Mesh Vertex Colors: 'Yes'
2022-10-21 13:50:21|   4.8|  0.0|INFORM|OBJ Writer: Write Texture List File: 'No'
2022-10-21 13:50:21|   4.8|  0.0|INFORM|OBJ Writer: Fix Names: 'Yes'
2022-10-21 13:50:21|   4.8|  0.0|INFORM|OBJ Writer: File per Feature: 'No'
2022-10-21 13:50:21|   4.8|  0.0|INFORM|FME Configuration: Destination coordinate system set to input coordinate system `_MA83F_0'
2022-10-21 13:50:21|   4.8|  0.0|WARN  |OBJ Writer: Unknown geometry type 'IFMENull' is not supported, the feature will not be written
2022-10-21 13:50:21|   4.8|  0.0|WARN  |OBJ Writer: Unknown geometry type 'IFMENull' is not supported, the feature will not be written
2022-10-21 13:50:21|   4.8|  0.0|INFORM|OBJ Writer: Material Library File: 'C:\Users\pbcote\AppData\Local\Temp\wbrun_1666354809618_19376\fmetmp_20\_auto_zip_dataset_1666374621337_412\materials.mtl'
2022-10-21 13:50:21|   4.8|  0.0|INFORM|OBJ Writer: Closing File Writer
2022-10-21 13:50:21|   4.8|  0.0|INFORM|=-=-=-=-=-=-=-=-=-=-=-=-=-=-=-=-=-=-=-=-=-=-=-=-=-=-=-=-=-=-=-=-=-=-=-=-=-=-=-
2022-10-21 13:50:21|   4.8|  0.0|INFORM|Feature output statistics for `OBJ' writer using keyword `OBJ_1':
2022-10-21 13:50:21|   4.8|  0.0|STATS |=-=-=-=-=-=-=-=-=-=-=-=-=-=-=-=-=-=-=-=-=-=-=-=-=-=-=-=-=-=-=-=-=-=-=-=-=-=-=-
2022-10-21 13:50:21|   4.8|  0.0|STATS |                               Features Written
2022-10-21 13:50:21|   4.8|  0.0|STATS |=-=-=-=-=-=-=-=-=-=-=-=-=-=-=-=-=-=-=-=-=-=-=-=-=-=-=-=-=-=-=-=-=-=-=-=-=-=-=-
2022-10-21 13:50:21|   4.8|  0.0|STATS |BOS_X6QU21Z                                                                  1
2022-10-21 13:50:21|   4.8|  0.0|STATS |==============================================================================
2022-10-21 13:50:21|   4.8|  0.0|STATS |Total Features Written                                                       1
2022-10-21 13:50:21|   4.8|  0.0|STATS |=-=-=-=-=-=-=-=-=-=-=-=-=-=-=-=-=-=-=-=-=-=-=-=-=-=-=-=-=-=-=-=-=-=-=-=-=-=-=-
2022-10-21 13:50:21|   4.8|  0.0|INFORM|MULTI_WRITER: multi_writer_id `\BOS_X6QU21Z_OBJ.zip': done writing 1 feature(s) 
2022-10-21 13:50:21|   4.8|  0.0|INFORM|^^^^^^^^^^^^^^^^^^^^^^^^^^^^^^^^^^^^^^^^^^^^^^^^^^^^^^^^^^^^^^^^^^^^^^^^^^^^^^
2022-10-21 13:50:21|   4.8|  0.0|INFORM|MULTI_WRITER: multi_writer_id `OBJ_1': Zipping contents of temporary dataset `C:\Users\pbcote\AppData\Local\Temp\wbrun_1666354809618_19376\fmetmp_20\_auto_zip_dataset_1666374620926_412' into output zip file `S:\trash\fme\library\BOS_KAQQ4J8_OBJ.zip'
2022-10-21 13:50:21|   4.8|  0.0|INFORM|MULTI_WRITER: multi_writer_id `OBJ_1': Finished updating output zip file `S:\trash\fme\library\BOS_KAQQ4J8_OBJ.zip'
2022-10-21 13:50:21|   4.8|  0.0|INFORM|MULTI_WRITER: multi_writer_id `OBJ_1': Zipping contents of temporary dataset `C:\Users\pbcote\AppData\Local\Temp\wbrun_1666354809618_19376\fmetmp_20\_auto_zip_dataset_1666374621312_412' into output zip file `S:\trash\fme\library\BOS_3L1UF4X_OBJ.zip'
2022-10-21 13:50:21|   4.8|  0.0|INFORM|MULTI_WRITER: multi_writer_id `OBJ_1': Finished updating output zip file `S:\trash\fme\library\BOS_3L1UF4X_OBJ.zip'
2022-10-21 13:50:21|   4.8|  0.0|INFORM|MULTI_WRITER: multi_writer_id `OBJ_1': Zipping contents of temporary dataset `C:\Users\pbcote\AppData\Local\Temp\wbrun_1666354809618_19376\fmetmp_20\_auto_zip_dataset_1666374621227_412' into output zip file `S:\trash\fme\library\BOS_4AFSJYW_OBJ.zip'
2022-10-21 13:50:21|   4.8|  0.0|INFORM|MULTI_WRITER: multi_writer_id `OBJ_1': Finished updating output zip file `S:\trash\fme\library\BOS_4AFSJYW_OBJ.zip'
2022-10-21 13:50:21|   4.8|  0.0|INFORM|MULTI_WRITER: multi_writer_id `OBJ_1': Zipping contents of temporary dataset `C:\Users\pbcote\AppData\Local\Temp\wbrun_1666354809618_19376\fmetmp_20\_auto_zip_dataset_1666374621337_412' into output zip file `S:\trash\fme\library\BOS_X6QU21Z_OBJ.zip'
2022-10-21 13:50:21|   4.8|  0.0|INFORM|MULTI_WRITER: multi_writer_id `OBJ_1': Finished updating output zip file `S:\trash\fme\library\BOS_X6QU21Z_OBJ.zip'
2022-10-21 13:50:21|   4.8|  0.0|INFORM|MULTI_WRITER: multi_writer_id `OBJ_1': Zipping contents of temporary dataset `C:\Users\pbcote\AppData\Local\Temp\wbrun_1666354809618_19376\fmetmp_20\_auto_zip_dataset_1666374621265_412' into output zip file `S:\trash\fme\library\BOS_4PH1YDJ_OBJ.zip'
2022-10-21 13:50:21|   4.9|  0.1|INFORM|MULTI_WRITER: multi_writer_id `OBJ_1': Finished updating output zip file `S:\trash\fme\library\BOS_4PH1YDJ_OBJ.zip'
2022-10-21 13:50:21|   4.9|  0.0|INFORM|=-=-=-=-=-=-=-=-=-=-=-=-=-=-=-=-=-=-=-=-=-=-=-=-=-=-=-=-=-=-=-=-=-=-=-=-=-=-=-
2022-10-21 13:50:21|   4.9|  0.0|INFORM|Feature output statistics for `MULTI_WRITER' writer using keyword `OBJ_1_FANOUT':
2022-10-21 13:50:21|   4.9|  0.0|STATS |=-=-=-=-=-=-=-=-=-=-=-=-=-=-=-=-=-=-=-=-=-=-=-=-=-=-=-=-=-=-=-=-=-=-=-=-=-=-=-
2022-10-21 13:50:21|   4.9|  0.0|STATS |                               Features Written
2022-10-21 13:50:21|   4.9|  0.0|STATS |=-=-=-=-=-=-=-=-=-=-=-=-=-=-=-=-=-=-=-=-=-=-=-=-=-=-=-=-=-=-=-=-=-=-=-=-=-=-=-
2022-10-21 13:50:21|   4.9|  0.0|STATS |BOS_3L1UF4X                                                                  1
2022-10-21 13:50:21|   4.9|  0.0|STATS |BOS_4AFSJYW                                                                  1
2022-10-21 13:50:21|   4.9|  0.0|STATS |BOS_4PH1YDJ                                                                  1
2022-10-21 13:50:21|   4.9|  0.0|STATS |BOS_KAQQ4J8                                                                  1
2022-10-21 13:50:21|   4.9|  0.0|STATS |BOS_X6QU21Z                                                                  1
2022-10-21 13:50:21|   4.9|  0.0|STATS |==============================================================================
2022-10-21 13:50:21|   4.9|  0.0|STATS |Total Features Written                                                       5
2022-10-21 13:50:21|   4.9|  0.0|STATS |=-=-=-=-=-=-=-=-=-=-=-=-=-=-=-=-=-=-=-=-=-=-=-=-=-=-=-=-=-=-=-=-=-=-=-=-=-=-=-
2022-10-21 13:50:21|   4.9|  0.0|STATS |=-=-=-=-=-=-=-=-=-=-=-=-=-=-=-=-=-=-=-=-=-=-=-=-=-=-=-=-=-=-=-=-=-=-=-=-=-=-=-
2022-10-21 13:50:21|   4.9|  0.0|STATS |                            Features Read Summary
2022-10-21 13:50:21|   4.9|  0.0|STATS |=-=-=-=-=-=-=-=-=-=-=-=-=-=-=-=-=-=-=-=-=-=-=-=-=-=-=-=-=-=-=-=-=-=-=-=-=-=-=-
2022-10-21 13:50:21|   4.9|  0.0|STATS |Ready_MP                                                                    10
2022-10-21 13:50:21|   4.9|  0.0|STATS |==============================================================================
2022-10-21 13:50:21|   4.9|  0.0|STATS |Total Features Read                                                         10
2022-10-21 13:50:21|   4.9|  0.0|STATS |=-=-=-=-=-=-=-=-=-=-=-=-=-=-=-=-=-=-=-=-=-=-=-=-=-=-=-=-=-=-=-=-=-=-=-=-=-=-=-
2022-10-21 13:50:21|   4.9|  0.0|STATS |=-=-=-=-=-=-=-=-=-=-=-=-=-=-=-=-=-=-=-=-=-=-=-=-=-=-=-=-=-=-=-=-=-=-=-=-=-=-=-
2022-10-21 13:50:21|   4.9|  0.0|STATS |                           Features Written Summary
2022-10-21 13:50:21|   4.9|  0.0|STATS |=-=-=-=-=-=-=-=-=-=-=-=-=-=-=-=-=-=-=-=-=-=-=-=-=-=-=-=-=-=-=-=-=-=-=-=-=-=-=-
2022-10-21 13:50:21|   4.9|  0.0|STATS |BOS_3L1UF4X                                                                  1
2022-10-21 13:50:21|   4.9|  0.0|STATS |BOS_4AFSJYW                                                                  1
2022-10-21 13:50:21|   4.9|  0.0|STATS |BOS_4PH1YDJ                                                                  1
2022-10-21 13:50:21|   4.9|  0.0|STATS |BOS_KAQQ4J8                                                                  1
2022-10-21 13:50:21|   4.9|  0.0|STATS |BOS_X6QU21Z                                                                  1
2022-10-21 13:50:21|   4.9|  0.0|STATS |==============================================================================
2022-10-21 13:50:21|   4.9|  0.0|STATS |Total Features Written                                                       5
2022-10-21 13:50:21|   4.9|  0.0|STATS |=-=-=-=-=-=-=-=-=-=-=-=-=-=-=-=-=-=-=-=-=-=-=-=-=-=-=-=-=-=-=-=-=-=-=-=-=-=-=-
2022-10-21 13:50:21|   4.9|  0.0|INFORM|Translation was SUCCESSFUL with 14 warning(s) (5 feature(s) output)
2022-10-21 13:50:21|   4.9|  0.0|INFORM|FME Session Duration: 5.7 seconds. (CPU: 3.0s user, 1.9s system)
2022-10-21 13:50:21|   4.9|  0.0|INFORM|END - ProcessID: 412, peak process memory usage: 276740 kB, current process memory usage: 214780 kB
